Using pre-set license
Built from '2020.3/staging' branch; Version is '2020.3.6f1 (338bb68529b2) revision 3378102'; Using compiler version '192528614'; Build Type 'Release'
OS: 'Windows 10 Pro; OS build 19043.906; Version 2009; 64bit' Language: 'en' Physical Memory: 8175 MB
BatchMode: 1, IsHumanControllingUs: 0, StartBugReporterOnCrash: 0, Is64bit: 1, IsPro: 0

 COMMAND LINE ARGUMENTS:
D:\Progz\Unity\Editors\2020.3.6f1\Editor\Unity.exe
-adb2
-batchMode
-noUpm
-name
AssetImportWorker0
-projectPath
D:/Projekty/000_Shaders/Cellular Automata Compute Shader
-logFile
Logs/AssetImportWorker0.log
-srvPort
49723
Successfully changed project path to: D:/Projekty/000_Shaders/Cellular Automata Compute Shader
D:/Projekty/000_Shaders/Cellular Automata Compute Shader
Using Asset Import Pipeline V2.
Refreshing native plugins compatible for Editor in 54.00 ms, found 1 plugins.
Preloading 0 native plugins for Editor in 0.00 ms.
Initialize engine version: 2020.3.6f1 (338bb68529b2)
[Subsystems] Discovering subsystems at path D:/Progz/Unity/Editors/2020.3.6f1/Editor/Data/Resources/UnitySubsystems
[Subsystems] Discovering subsystems at path D:/Projekty/000_Shaders/Cellular Automata Compute Shader/Assets
GfxDevice: creating device client; threaded=0
Direct3D:
    Version:  Direct3D 11.0 [level 11.1]
    Renderer: NVIDIA GeForce GTX 1050 Ti (ID=0x1c82)
    Vendor:   
    VRAM:     4018 MB
    Driver:   27.21.14.5671
Initialize mono
Mono path[0] = 'D:/Progz/Unity/Editors/2020.3.6f1/Editor/Data/Managed'
Mono path[1] = 'D:/Progz/Unity/Editors/2020.3.6f1/Editor/Data/MonoBleedingEdge/lib/mono/unityjit'
Mono config path = 'D:/Progz/Unity/Editors/2020.3.6f1/Editor/Data/MonoBleedingEdge/etc'
Using monoOptions --debugger-agent=transport=dt_socket,embedding=1,server=y,suspend=n,address=127.0.0.1:56712
Begin MonoManager ReloadAssembly
Registering precompiled unity dll's ...
Register platform support module: D:/Progz/Unity/Editors/2020.3.6f1/Editor/Data/PlaybackEngines/WindowsStandaloneSupport/UnityEditor.WindowsStandalone.Extensions.dll
Registered in 0.001648 seconds.
Native extension for WindowsStandalone target not found
Refreshing native plugins compatible for Editor in 47.88 ms, found 1 plugins.
Preloading 0 native plugins for Editor in 0.00 ms.
Mono: successfully reloaded assembly
- Completed reload, in  3.713 seconds
Platform modules already initialized, skipping
Registering precompiled user dll's ...
Registered in 0.001164 seconds.
Begin MonoManager ReloadAssembly
Native extension for WindowsStandalone target not found
Refreshing native plugins compatible for Editor in 49.55 ms, found 1 plugins.
Preloading 0 native plugins for Editor in 0.00 ms.
Mono: successfully reloaded assembly
- Completed reload, in  1.165 seconds
Platform modules already initialized, skipping
========================================================================
Worker process is ready to serve import requests
Launched and connected shader compiler UnityShaderCompiler.exe after 0.04 seconds
Refreshing native plugins compatible for Editor in 0.39 ms, found 1 plugins.
Preloading 0 native plugins for Editor in 0.00 ms.
Unloading 1809 Unused Serialized files (Serialized files now loaded: 0)
System memory in use before: 85.0 MB.
System memory in use after: 85.0 MB.

Unloading 24 unused Assets to reduce memory usage. Loaded Objects now: 2251.
Total: 2.407200 ms (FindLiveObjects: 0.211900 ms CreateObjectMapping: 0.070600 ms MarkObjects: 1.966300 ms  DeleteObjects: 0.156900 ms)

========================================================================
Received Import Request.
  path: Assets/Scripts/CPU/ConwaysGameOfLife.cs
  artifactKey: Guid(24bcce62048d8e344a96590e2ad38dff) Importer(815301076,1909f56bfc062723c751e8b465ee728b)
Start importing Assets/Scripts/CPU/ConwaysGameOfLife.cs using Guid(24bcce62048d8e344a96590e2ad38dff) Importer(815301076,1909f56bfc062723c751e8b465ee728b)  -> (artifact id: '99bf1a76024b85e390dd324d81a4eb1f') in 0.019056 seconds
  Import took 0.022492 seconds .

========================================================================
Received Prepare
Registering precompiled user dll's ...
Registered in 0.001189 seconds.
Begin MonoManager ReloadAssembly
Native extension for WindowsStandalone target not found
Refreshing native plugins compatible for Editor in 0.41 ms, found 1 plugins.
Preloading 0 native plugins for Editor in 0.00 ms.
Mono: successfully reloaded assembly
- Completed reload, in  1.082 seconds
Platform modules already initialized, skipping
Refreshing native plugins compatible for Editor in 0.41 ms, found 1 plugins.
Preloading 0 native plugins for Editor in 0.00 ms.
Unloading 1804 Unused Serialized files (Serialized files now loaded: 0)
System memory in use before: 85.0 MB.
System memory in use after: 85.0 MB.

Unloading 12 unused Assets to reduce memory usage. Loaded Objects now: 2255.
Total: 2.299100 ms (FindLiveObjects: 0.205300 ms CreateObjectMapping: 0.066600 ms MarkObjects: 1.882700 ms  DeleteObjects: 0.143100 ms)

========================================================================
Received Import Request.
  Time since last request: 53.054236 seconds.
  path: Assets/Scripts/CPU/ConwaysGameOfLife.cs
  artifactKey: Guid(24bcce62048d8e344a96590e2ad38dff) Importer(815301076,1909f56bfc062723c751e8b465ee728b)
Start importing Assets/Scripts/CPU/ConwaysGameOfLife.cs using Guid(24bcce62048d8e344a96590e2ad38dff) Importer(815301076,1909f56bfc062723c751e8b465ee728b)  -> (artifact id: '226753c873134bbf6b86e1ec0f1093d7') in 0.005620 seconds
  Import took 0.008962 seconds .

========================================================================
Received Prepare
Registering precompiled user dll's ...
Registered in 0.001234 seconds.
Begin MonoManager ReloadAssembly
Native extension for WindowsStandalone target not found
Refreshing native plugins compatible for Editor in 0.41 ms, found 1 plugins.
Preloading 0 native plugins for Editor in 0.00 ms.
Mono: successfully reloaded assembly
- Completed reload, in  1.076 seconds
Platform modules already initialized, skipping
Refreshing native plugins compatible for Editor in 0.42 ms, found 1 plugins.
Preloading 0 native plugins for Editor in 0.00 ms.
Unloading 1804 Unused Serialized files (Serialized files now loaded: 0)
System memory in use before: 85.0 MB.
System memory in use after: 85.0 MB.

Unloading 12 unused Assets to reduce memory usage. Loaded Objects now: 2259.
Total: 2.419700 ms (FindLiveObjects: 0.233000 ms CreateObjectMapping: 0.066800 ms MarkObjects: 1.986100 ms  DeleteObjects: 0.132200 ms)

========================================================================
Received Prepare
Registering precompiled user dll's ...
Registered in 0.001219 seconds.
Begin MonoManager ReloadAssembly
Native extension for WindowsStandalone target not found
Refreshing native plugins compatible for Editor in 0.48 ms, found 1 plugins.
Preloading 0 native plugins for Editor in 0.00 ms.
Mono: successfully reloaded assembly
- Completed reload, in  1.055 seconds
Platform modules already initialized, skipping
Refreshing native plugins compatible for Editor in 0.46 ms, found 1 plugins.
Preloading 0 native plugins for Editor in 0.00 ms.
Unloading 1804 Unused Serialized files (Serialized files now loaded: 0)
System memory in use before: 85.0 MB.
System memory in use after: 85.0 MB.

Unloading 12 unused Assets to reduce memory usage. Loaded Objects now: 2263.
Total: 2.275600 ms (FindLiveObjects: 0.198500 ms CreateObjectMapping: 0.073900 ms MarkObjects: 1.852200 ms  DeleteObjects: 0.149300 ms)

========================================================================
Received Prepare
Registering precompiled user dll's ...
Registered in 0.001116 seconds.
Begin MonoManager ReloadAssembly
Native extension for WindowsStandalone target not found
Refreshing native plugins compatible for Editor in 0.41 ms, found 1 plugins.
Preloading 0 native plugins for Editor in 0.00 ms.
Mono: successfully reloaded assembly
- Completed reload, in  1.097 seconds
Platform modules already initialized, skipping
Refreshing native plugins compatible for Editor in 0.43 ms, found 1 plugins.
Preloading 0 native plugins for Editor in 0.00 ms.
Unloading 1804 Unused Serialized files (Serialized files now loaded: 0)
System memory in use before: 85.1 MB.
System memory in use after: 85.0 MB.

Unloading 12 unused Assets to reduce memory usage. Loaded Objects now: 2267.
Total: 2.289200 ms (FindLiveObjects: 0.182500 ms CreateObjectMapping: 0.068200 ms MarkObjects: 1.894700 ms  DeleteObjects: 0.142500 ms)

========================================================================
Received Import Request.
  Time since last request: 162.109308 seconds.
  path: Assets/Scripts/CPU/ConwaysGameOfLife.cs
  artifactKey: Guid(24bcce62048d8e344a96590e2ad38dff) Importer(815301076,1909f56bfc062723c751e8b465ee728b)
Start importing Assets/Scripts/CPU/ConwaysGameOfLife.cs using Guid(24bcce62048d8e344a96590e2ad38dff) Importer(815301076,1909f56bfc062723c751e8b465ee728b)  -> (artifact id: '19702fdbe25d0a0f690c9b7dcccb979a') in 0.005870 seconds
  Import took 0.009356 seconds .

========================================================================
Received Import Request.
  Time since last request: 0.041690 seconds.
  path: Assets/Scripts/CPU/ConwaysGameOfLife.cs
  artifactKey: Guid(24bcce62048d8e344a96590e2ad38dff) Importer(815301076,1909f56bfc062723c751e8b465ee728b)
Start importing Assets/Scripts/CPU/ConwaysGameOfLife.cs using Guid(24bcce62048d8e344a96590e2ad38dff) Importer(815301076,1909f56bfc062723c751e8b465ee728b)  -> (artifact id: '19702fdbe25d0a0f690c9b7dcccb979a') in 0.002614 seconds
  Import took 0.006221 seconds .

========================================================================
Received Prepare
Registering precompiled user dll's ...
Registered in 0.001167 seconds.
Begin MonoManager ReloadAssembly
Native extension for WindowsStandalone target not found
Refreshing native plugins compatible for Editor in 0.41 ms, found 1 plugins.
Preloading 0 native plugins for Editor in 0.00 ms.
Mono: successfully reloaded assembly
- Completed reload, in  1.068 seconds
Platform modules already initialized, skipping
Refreshing native plugins compatible for Editor in 0.43 ms, found 1 plugins.
Preloading 0 native plugins for Editor in 0.00 ms.
Unloading 1804 Unused Serialized files (Serialized files now loaded: 0)
System memory in use before: 85.1 MB.
System memory in use after: 85.0 MB.

Unloading 12 unused Assets to reduce memory usage. Loaded Objects now: 2271.
Total: 2.520500 ms (FindLiveObjects: 0.185000 ms CreateObjectMapping: 0.070500 ms MarkObjects: 2.128800 ms  DeleteObjects: 0.134800 ms)

========================================================================
Received Import Request.
  Time since last request: 144.609432 seconds.
  path: Assets/Scripts/Shaders/CellularAutomata.compute
  artifactKey: Guid(88318769fbb45194b913a9da3e82c4b1) Importer(815301076,1909f56bfc062723c751e8b465ee728b)
Start importing Assets/Scripts/Shaders/CellularAutomata.compute using Guid(88318769fbb45194b913a9da3e82c4b1) Importer(815301076,1909f56bfc062723c751e8b465ee728b)  -> (artifact id: '8c4ee38e53946f27b5e2c31269477707') in 0.019318 seconds
  Import took 0.022730 seconds .

========================================================================
Received Import Request.
  Time since last request: 0.007325 seconds.
  path: Assets/Scripts/Shaders/CellularAutomata.compute
  artifactKey: Guid(88318769fbb45194b913a9da3e82c4b1) Importer(815301076,1909f56bfc062723c751e8b465ee728b)
Start importing Assets/Scripts/Shaders/CellularAutomata.compute using Guid(88318769fbb45194b913a9da3e82c4b1) Importer(815301076,1909f56bfc062723c751e8b465ee728b)  -> (artifact id: '8c4ee38e53946f27b5e2c31269477707') in 0.003534 seconds
  Import took 0.007145 seconds .

========================================================================
Received Prepare
Registering precompiled user dll's ...
Registered in 0.001166 seconds.
Begin MonoManager ReloadAssembly
Native extension for WindowsStandalone target not found
Refreshing native plugins compatible for Editor in 0.43 ms, found 1 plugins.
Preloading 0 native plugins for Editor in 0.00 ms.
Mono: successfully reloaded assembly
- Completed reload, in  1.100 seconds
Platform modules already initialized, skipping
Refreshing native plugins compatible for Editor in 0.42 ms, found 1 plugins.
Preloading 0 native plugins for Editor in 0.00 ms.
Unloading 1804 Unused Serialized files (Serialized files now loaded: 0)
System memory in use before: 85.1 MB.
System memory in use after: 85.1 MB.

Unloading 12 unused Assets to reduce memory usage. Loaded Objects now: 2275.
Total: 2.431600 ms (FindLiveObjects: 0.220800 ms CreateObjectMapping: 0.066200 ms MarkObjects: 2.003900 ms  DeleteObjects: 0.139200 ms)

========================================================================
Received Prepare
Registering precompiled user dll's ...
Registered in 0.001142 seconds.
Begin MonoManager ReloadAssembly
Native extension for WindowsStandalone target not found
Refreshing native plugins compatible for Editor in 0.40 ms, found 1 plugins.
Preloading 0 native plugins for Editor in 0.00 ms.
Mono: successfully reloaded assembly
- Completed reload, in  1.049 seconds
Platform modules already initialized, skipping
Refreshing native plugins compatible for Editor in 0.42 ms, found 1 plugins.
Preloading 0 native plugins for Editor in 0.00 ms.
Unloading 1804 Unused Serialized files (Serialized files now loaded: 0)
System memory in use before: 85.1 MB.
System memory in use after: 85.1 MB.

Unloading 12 unused Assets to reduce memory usage. Loaded Objects now: 2279.
Total: 2.287600 ms (FindLiveObjects: 0.196400 ms CreateObjectMapping: 0.068100 ms MarkObjects: 1.882500 ms  DeleteObjects: 0.139200 ms)

========================================================================
Received Import Request.
  Time since last request: 173.118210 seconds.
  path: Assets/Scripts/Shaders/CellularAutomata.compute
  artifactKey: Guid(88318769fbb45194b913a9da3e82c4b1) Importer(815301076,1909f56bfc062723c751e8b465ee728b)
Start importing Assets/Scripts/Shaders/CellularAutomata.compute using Guid(88318769fbb45194b913a9da3e82c4b1) Importer(815301076,1909f56bfc062723c751e8b465ee728b)  -> (artifact id: '514d24903e932902a882afbedb3b1816') in 0.014901 seconds
  Import took 0.018320 seconds .

========================================================================
Received Prepare
Registering precompiled user dll's ...
Registered in 0.001136 seconds.
Begin MonoManager ReloadAssembly
Native extension for WindowsStandalone target not found
Refreshing native plugins compatible for Editor in 0.51 ms, found 1 plugins.
Preloading 0 native plugins for Editor in 0.00 ms.
Mono: successfully reloaded assembly
- Completed reload, in  1.075 seconds
Platform modules already initialized, skipping
Refreshing native plugins compatible for Editor in 0.44 ms, found 1 plugins.
Preloading 0 native plugins for Editor in 0.00 ms.
Unloading 1804 Unused Serialized files (Serialized files now loaded: 0)
System memory in use before: 85.1 MB.
System memory in use after: 85.1 MB.

Unloading 12 unused Assets to reduce memory usage. Loaded Objects now: 2283.
Total: 2.303400 ms (FindLiveObjects: 0.191600 ms CreateObjectMapping: 0.067700 ms MarkObjects: 1.903200 ms  DeleteObjects: 0.139500 ms)

========================================================================
Received Import Request.
  Time since last request: 218.335345 seconds.
  path: Assets/Scripts/Shaders/CellularAutomata.compute
  artifactKey: Guid(88318769fbb45194b913a9da3e82c4b1) Importer(815301076,1909f56bfc062723c751e8b465ee728b)
Start importing Assets/Scripts/Shaders/CellularAutomata.compute using Guid(88318769fbb45194b913a9da3e82c4b1) Importer(815301076,1909f56bfc062723c751e8b465ee728b)  -> (artifact id: '2b1beb46409d9f2202405bb6a1f2a9fe') in 0.014160 seconds
  Import took 0.017616 seconds .

========================================================================
Received Prepare
Registering precompiled user dll's ...
Registered in 0.001123 seconds.
Begin MonoManager ReloadAssembly
Native extension for WindowsStandalone target not found
Refreshing native plugins compatible for Editor in 0.41 ms, found 1 plugins.
Preloading 0 native plugins for Editor in 0.00 ms.
Mono: successfully reloaded assembly
- Completed reload, in  1.038 seconds
Platform modules already initialized, skipping
Refreshing native plugins compatible for Editor in 0.42 ms, found 1 plugins.
Preloading 0 native plugins for Editor in 0.00 ms.
Unloading 1804 Unused Serialized files (Serialized files now loaded: 0)
System memory in use before: 85.1 MB.
System memory in use after: 85.1 MB.

Unloading 12 unused Assets to reduce memory usage. Loaded Objects now: 2287.
Total: 2.234800 ms (FindLiveObjects: 0.231900 ms CreateObjectMapping: 0.066300 ms MarkObjects: 1.797300 ms  DeleteObjects: 0.138100 ms)

========================================================================
Received Import Request.
  Time since last request: 84.944016 seconds.
  path: Assets/Scripts/Shaders/CellularAutomata.compute
  artifactKey: Guid(88318769fbb45194b913a9da3e82c4b1) Importer(815301076,1909f56bfc062723c751e8b465ee728b)
Start importing Assets/Scripts/Shaders/CellularAutomata.compute using Guid(88318769fbb45194b913a9da3e82c4b1) Importer(815301076,1909f56bfc062723c751e8b465ee728b)  -> (artifact id: 'c06f6b9249a92e846ae1afab238f8110') in 0.013927 seconds
  Import took 0.017137 seconds .

========================================================================
Received Import Request.
  Time since last request: 101.499669 seconds.
  path: Assets/Scripts/Shaders/CellularAutomata.compute
  artifactKey: Guid(88318769fbb45194b913a9da3e82c4b1) Importer(815301076,1909f56bfc062723c751e8b465ee728b)
Start importing Assets/Scripts/Shaders/CellularAutomata.compute using Guid(88318769fbb45194b913a9da3e82c4b1) Importer(815301076,1909f56bfc062723c751e8b465ee728b)  -> (artifact id: 'd959f7b45e2ffedd503252ab63701c13') in 0.004438 seconds
  Import took 0.020180 seconds .

========================================================================
Received Prepare
Registering precompiled user dll's ...
Registered in 0.001172 seconds.
Begin MonoManager ReloadAssembly
Native extension for WindowsStandalone target not found
Refreshing native plugins compatible for Editor in 0.42 ms, found 1 plugins.
Preloading 0 native plugins for Editor in 0.00 ms.
Mono: successfully reloaded assembly
- Completed reload, in  1.056 seconds
Platform modules already initialized, skipping
Refreshing native plugins compatible for Editor in 0.41 ms, found 1 plugins.
Preloading 0 native plugins for Editor in 0.00 ms.
Unloading 1804 Unused Serialized files (Serialized files now loaded: 0)
System memory in use before: 85.1 MB.
System memory in use after: 85.1 MB.

Unloading 12 unused Assets to reduce memory usage. Loaded Objects now: 2291.
Total: 2.350600 ms (FindLiveObjects: 0.200600 ms CreateObjectMapping: 0.067500 ms MarkObjects: 1.945500 ms  DeleteObjects: 0.135800 ms)

========================================================================
Received Import Request.
  Time since last request: 170.186678 seconds.
  path: Assets/Scripts/Shaders/CellularAutomata.compute
  artifactKey: Guid(88318769fbb45194b913a9da3e82c4b1) Importer(815301076,1909f56bfc062723c751e8b465ee728b)
Start importing Assets/Scripts/Shaders/CellularAutomata.compute using Guid(88318769fbb45194b913a9da3e82c4b1) Importer(815301076,1909f56bfc062723c751e8b465ee728b)  -> (artifact id: '86a384bad8ad2b74072d97f29620585f') in 0.013928 seconds
  Import took 0.017291 seconds .

========================================================================
Received Import Request.
  Time since last request: 26.654205 seconds.
  path: Assets/Scripts/Shaders/CellularAutomata.compute
  artifactKey: Guid(88318769fbb45194b913a9da3e82c4b1) Importer(815301076,1909f56bfc062723c751e8b465ee728b)
Start importing Assets/Scripts/Shaders/CellularAutomata.compute using Guid(88318769fbb45194b913a9da3e82c4b1) Importer(815301076,1909f56bfc062723c751e8b465ee728b)  -> (artifact id: 'c9242db1f2cad3b612d28f82232d35fc') in 0.004833 seconds
  Import took 0.009513 seconds .

========================================================================
Received Prepare
Registering precompiled user dll's ...
Registered in 0.001162 seconds.
Begin MonoManager ReloadAssembly
Native extension for WindowsStandalone target not found
Refreshing native plugins compatible for Editor in 0.41 ms, found 1 plugins.
Preloading 0 native plugins for Editor in 0.00 ms.
Mono: successfully reloaded assembly
- Completed reload, in  1.112 seconds
Platform modules already initialized, skipping
Refreshing native plugins compatible for Editor in 0.41 ms, found 1 plugins.
Preloading 0 native plugins for Editor in 0.00 ms.
Unloading 1804 Unused Serialized files (Serialized files now loaded: 0)
System memory in use before: 85.1 MB.
System memory in use after: 85.1 MB.

Unloading 12 unused Assets to reduce memory usage. Loaded Objects now: 2295.
Total: 2.234700 ms (FindLiveObjects: 0.180800 ms CreateObjectMapping: 0.066200 ms MarkObjects: 1.849100 ms  DeleteObjects: 0.137300 ms)

========================================================================
Received Prepare
Registering precompiled user dll's ...
Registered in 0.001374 seconds.
Begin MonoManager ReloadAssembly
Native extension for WindowsStandalone target not found
Refreshing native plugins compatible for Editor in 0.40 ms, found 1 plugins.
Preloading 0 native plugins for Editor in 0.00 ms.
Mono: successfully reloaded assembly
- Completed reload, in  1.071 seconds
Platform modules already initialized, skipping
Refreshing native plugins compatible for Editor in 0.41 ms, found 1 plugins.
Preloading 0 native plugins for Editor in 0.00 ms.
Unloading 1804 Unused Serialized files (Serialized files now loaded: 0)
System memory in use before: 85.1 MB.
System memory in use after: 85.1 MB.

Unloading 12 unused Assets to reduce memory usage. Loaded Objects now: 2299.
Total: 2.344600 ms (FindLiveObjects: 0.251000 ms CreateObjectMapping: 0.067400 ms MarkObjects: 1.884900 ms  DeleteObjects: 0.139700 ms)

========================================================================
Received Prepare
Registering precompiled user dll's ...
Registered in 0.001243 seconds.
Begin MonoManager ReloadAssembly
Native extension for WindowsStandalone target not found
Refreshing native plugins compatible for Editor in 0.44 ms, found 1 plugins.
Preloading 0 native plugins for Editor in 0.00 ms.
Mono: successfully reloaded assembly
- Completed reload, in  1.126 seconds
Platform modules already initialized, skipping
Refreshing native plugins compatible for Editor in 0.41 ms, found 1 plugins.
Preloading 0 native plugins for Editor in 0.00 ms.
Unloading 1804 Unused Serialized files (Serialized files now loaded: 0)
System memory in use before: 85.2 MB.
System memory in use after: 85.1 MB.

Unloading 12 unused Assets to reduce memory usage. Loaded Objects now: 2303.
Total: 2.189800 ms (FindLiveObjects: 0.203400 ms CreateObjectMapping: 0.068000 ms MarkObjects: 1.776400 ms  DeleteObjects: 0.140700 ms)

========================================================================
Received Prepare
Registering precompiled user dll's ...
Registered in 0.001316 seconds.
Begin MonoManager ReloadAssembly
Native extension for WindowsStandalone target not found
Refreshing native plugins compatible for Editor in 0.41 ms, found 1 plugins.
Preloading 0 native plugins for Editor in 0.00 ms.
Mono: successfully reloaded assembly
- Completed reload, in  1.040 seconds
Platform modules already initialized, skipping
Refreshing native plugins compatible for Editor in 0.42 ms, found 1 plugins.
Preloading 0 native plugins for Editor in 0.00 ms.
Unloading 1804 Unused Serialized files (Serialized files now loaded: 0)
System memory in use before: 85.2 MB.
System memory in use after: 85.1 MB.

Unloading 12 unused Assets to reduce memory usage. Loaded Objects now: 2307.
Total: 2.422400 ms (FindLiveObjects: 0.202500 ms CreateObjectMapping: 0.074500 ms MarkObjects: 1.961800 ms  DeleteObjects: 0.174900 ms)

========================================================================
Received Import Request.
  Time since last request: 796.117827 seconds.
  path: Assets/Scripts/Shaders/CellularAutomata.compute
  artifactKey: Guid(88318769fbb45194b913a9da3e82c4b1) Importer(815301076,1909f56bfc062723c751e8b465ee728b)
Start importing Assets/Scripts/Shaders/CellularAutomata.compute using Guid(88318769fbb45194b913a9da3e82c4b1) Importer(815301076,1909f56bfc062723c751e8b465ee728b)  -> (artifact id: '14cce31fab1d252776773cf68fc72d52') in 0.015494 seconds
  Import took 0.018924 seconds .

========================================================================
Received Prepare
Registering precompiled user dll's ...
Registered in 0.001185 seconds.
Begin MonoManager ReloadAssembly
Native extension for WindowsStandalone target not found
Refreshing native plugins compatible for Editor in 0.40 ms, found 1 plugins.
Preloading 0 native plugins for Editor in 0.00 ms.
Mono: successfully reloaded assembly
- Completed reload, in  1.059 seconds
Platform modules already initialized, skipping
Refreshing native plugins compatible for Editor in 0.41 ms, found 1 plugins.
Preloading 0 native plugins for Editor in 0.00 ms.
Unloading 1804 Unused Serialized files (Serialized files now loaded: 0)
System memory in use before: 85.2 MB.
System memory in use after: 85.1 MB.

Unloading 12 unused Assets to reduce memory usage. Loaded Objects now: 2311.
Total: 2.349800 ms (FindLiveObjects: 0.224600 ms CreateObjectMapping: 0.115900 ms MarkObjects: 1.884900 ms  DeleteObjects: 0.123200 ms)

========================================================================
Received Import Request.
  Time since last request: 208.724586 seconds.
  path: Assets/Scripts/Shaders/CellularAutomata.compute
  artifactKey: Guid(88318769fbb45194b913a9da3e82c4b1) Importer(815301076,1909f56bfc062723c751e8b465ee728b)
Start importing Assets/Scripts/Shaders/CellularAutomata.compute using Guid(88318769fbb45194b913a9da3e82c4b1) Importer(815301076,1909f56bfc062723c751e8b465ee728b)  -> (artifact id: '699a0e75bbd8b3d19d3b7a688ecc2817') in 0.015462 seconds
  Import took 0.018898 seconds .

========================================================================
Received Prepare
Registering precompiled user dll's ...
Registered in 0.001190 seconds.
Begin MonoManager ReloadAssembly
Native extension for WindowsStandalone target not found
Refreshing native plugins compatible for Editor in 0.45 ms, found 1 plugins.
Preloading 0 native plugins for Editor in 0.00 ms.
Mono: successfully reloaded assembly
- Completed reload, in  1.058 seconds
Platform modules already initialized, skipping
Refreshing native plugins compatible for Editor in 0.41 ms, found 1 plugins.
Preloading 0 native plugins for Editor in 0.00 ms.
Unloading 1804 Unused Serialized files (Serialized files now loaded: 0)
System memory in use before: 85.2 MB.
System memory in use after: 85.2 MB.

Unloading 12 unused Assets to reduce memory usage. Loaded Objects now: 2315.
Total: 2.535300 ms (FindLiveObjects: 0.190200 ms CreateObjectMapping: 0.084700 ms MarkObjects: 2.095100 ms  DeleteObjects: 0.163400 ms)

========================================================================
Received Prepare
Registering precompiled user dll's ...
Registered in 0.001256 seconds.
Begin MonoManager ReloadAssembly
Native extension for WindowsStandalone target not found
Refreshing native plugins compatible for Editor in 0.42 ms, found 1 plugins.
Preloading 0 native plugins for Editor in 0.00 ms.
Mono: successfully reloaded assembly
- Completed reload, in  1.067 seconds
Platform modules already initialized, skipping
Refreshing native plugins compatible for Editor in 0.41 ms, found 1 plugins.
Preloading 0 native plugins for Editor in 0.00 ms.
Unloading 1804 Unused Serialized files (Serialized files now loaded: 0)
System memory in use before: 85.2 MB.
System memory in use after: 85.2 MB.

Unloading 12 unused Assets to reduce memory usage. Loaded Objects now: 2319.
Total: 2.286300 ms (FindLiveObjects: 0.206800 ms CreateObjectMapping: 0.071000 ms MarkObjects: 1.880500 ms  DeleteObjects: 0.126500 ms)

========================================================================
Received Import Request.
  Time since last request: 192.627686 seconds.
  path: Assets/Scripts/Shaders/CellularAutomata.compute
  artifactKey: Guid(88318769fbb45194b913a9da3e82c4b1) Importer(815301076,1909f56bfc062723c751e8b465ee728b)
Start importing Assets/Scripts/Shaders/CellularAutomata.compute using Guid(88318769fbb45194b913a9da3e82c4b1) Importer(815301076,1909f56bfc062723c751e8b465ee728b)  -> (artifact id: 'cd6d9d0adc249bc36c274cf6fd501563') in 0.016144 seconds
  Import took 0.021630 seconds .

========================================================================
Received Prepare
Registering precompiled user dll's ...
Registered in 0.001944 seconds.
Begin MonoManager ReloadAssembly
Native extension for WindowsStandalone target not found
Refreshing native plugins compatible for Editor in 0.42 ms, found 1 plugins.
Preloading 0 native plugins for Editor in 0.00 ms.
Mono: successfully reloaded assembly
- Completed reload, in  1.063 seconds
Platform modules already initialized, skipping
Refreshing native plugins compatible for Editor in 0.41 ms, found 1 plugins.
Preloading 0 native plugins for Editor in 0.00 ms.
Unloading 1804 Unused Serialized files (Serialized files now loaded: 0)
System memory in use before: 85.2 MB.
System memory in use after: 85.2 MB.

Unloading 12 unused Assets to reduce memory usage. Loaded Objects now: 2323.
Total: 2.379500 ms (FindLiveObjects: 0.251900 ms CreateObjectMapping: 0.068500 ms MarkObjects: 1.920200 ms  DeleteObjects: 0.137500 ms)

========================================================================
Received Import Request.
  Time since last request: 47.884010 seconds.
  path: Assets/Scripts/Shaders/CellularAutomata.compute
  artifactKey: Guid(88318769fbb45194b913a9da3e82c4b1) Importer(815301076,1909f56bfc062723c751e8b465ee728b)
Start importing Assets/Scripts/Shaders/CellularAutomata.compute using Guid(88318769fbb45194b913a9da3e82c4b1) Importer(815301076,1909f56bfc062723c751e8b465ee728b)  -> (artifact id: '64ae81dfa7fd8cd8fbf272c821b4dac8') in 0.014105 seconds
  Import took 0.017567 seconds .

========================================================================
Received Prepare
Registering precompiled user dll's ...
Registered in 0.001353 seconds.
Begin MonoManager ReloadAssembly
Native extension for WindowsStandalone target not found
Refreshing native plugins compatible for Editor in 0.41 ms, found 1 plugins.
Preloading 0 native plugins for Editor in 0.00 ms.
Mono: successfully reloaded assembly
- Completed reload, in  1.104 seconds
Platform modules already initialized, skipping
Refreshing native plugins compatible for Editor in 0.41 ms, found 1 plugins.
Preloading 0 native plugins for Editor in 0.00 ms.
Unloading 1804 Unused Serialized files (Serialized files now loaded: 0)
System memory in use before: 85.2 MB.
System memory in use after: 85.2 MB.

Unloading 12 unused Assets to reduce memory usage. Loaded Objects now: 2327.
Total: 2.278300 ms (FindLiveObjects: 0.215500 ms CreateObjectMapping: 0.069700 ms MarkObjects: 1.854800 ms  DeleteObjects: 0.137000 ms)

========================================================================
Received Prepare
Registering precompiled user dll's ...
Registered in 0.001169 seconds.
Begin MonoManager ReloadAssembly
Native extension for WindowsStandalone target not found
Refreshing native plugins compatible for Editor in 0.41 ms, found 1 plugins.
Preloading 0 native plugins for Editor in 0.00 ms.
Mono: successfully reloaded assembly
- Completed reload, in  1.051 seconds
Platform modules already initialized, skipping
Refreshing native plugins compatible for Editor in 0.41 ms, found 1 plugins.
Preloading 0 native plugins for Editor in 0.00 ms.
Unloading 1804 Unused Serialized files (Serialized files now loaded: 0)
System memory in use before: 85.2 MB.
System memory in use after: 85.2 MB.

Unloading 12 unused Assets to reduce memory usage. Loaded Objects now: 2331.
Total: 2.435600 ms (FindLiveObjects: 0.182100 ms CreateObjectMapping: 0.068800 ms MarkObjects: 2.025800 ms  DeleteObjects: 0.157700 ms)

========================================================================
Received Prepare
Registering precompiled user dll's ...
Registered in 0.001146 seconds.
Begin MonoManager ReloadAssembly
Native extension for WindowsStandalone target not found
Refreshing native plugins compatible for Editor in 0.40 ms, found 1 plugins.
Preloading 0 native plugins for Editor in 0.00 ms.
Mono: successfully reloaded assembly
- Completed reload, in  1.073 seconds
Platform modules already initialized, skipping
Refreshing native plugins compatible for Editor in 0.42 ms, found 1 plugins.
Preloading 0 native plugins for Editor in 0.00 ms.
Unloading 1804 Unused Serialized files (Serialized files now loaded: 0)
System memory in use before: 85.2 MB.
System memory in use after: 85.2 MB.

Unloading 12 unused Assets to reduce memory usage. Loaded Objects now: 2335.
Total: 2.428900 ms (FindLiveObjects: 0.238400 ms CreateObjectMapping: 0.065300 ms MarkObjects: 1.985700 ms  DeleteObjects: 0.138200 ms)

========================================================================
Received Prepare
Registering precompiled user dll's ...
Registered in 0.001136 seconds.
Begin MonoManager ReloadAssembly
Native extension for WindowsStandalone target not found
Refreshing native plugins compatible for Editor in 0.42 ms, found 1 plugins.
Preloading 0 native plugins for Editor in 0.00 ms.
Mono: successfully reloaded assembly
- Completed reload, in  1.077 seconds
Platform modules already initialized, skipping
Refreshing native plugins compatible for Editor in 0.41 ms, found 1 plugins.
Preloading 0 native plugins for Editor in 0.00 ms.
Unloading 1804 Unused Serialized files (Serialized files now loaded: 0)
System memory in use before: 85.2 MB.
System memory in use after: 85.2 MB.

Unloading 12 unused Assets to reduce memory usage. Loaded Objects now: 2339.
Total: 2.353300 ms (FindLiveObjects: 0.193400 ms CreateObjectMapping: 0.069600 ms MarkObjects: 1.946000 ms  DeleteObjects: 0.142700 ms)

========================================================================
Received Prepare
Registering precompiled user dll's ...
Registered in 0.001594 seconds.
Begin MonoManager ReloadAssembly
Native extension for WindowsStandalone target not found
Refreshing native plugins compatible for Editor in 0.40 ms, found 1 plugins.
Preloading 0 native plugins for Editor in 0.00 ms.
Mono: successfully reloaded assembly
- Completed reload, in  1.139 seconds
Platform modules already initialized, skipping
Refreshing native plugins compatible for Editor in 0.41 ms, found 1 plugins.
Preloading 0 native plugins for Editor in 0.00 ms.
Unloading 1804 Unused Serialized files (Serialized files now loaded: 0)
System memory in use before: 85.2 MB.
System memory in use after: 85.2 MB.

Unloading 12 unused Assets to reduce memory usage. Loaded Objects now: 2343.
Total: 2.805900 ms (FindLiveObjects: 0.241900 ms CreateObjectMapping: 0.070300 ms MarkObjects: 2.347500 ms  DeleteObjects: 0.144500 ms)

========================================================================
Received Prepare
Registering precompiled user dll's ...
Registered in 0.001123 seconds.
Begin MonoManager ReloadAssembly
Native extension for WindowsStandalone target not found
Refreshing native plugins compatible for Editor in 0.41 ms, found 1 plugins.
Preloading 0 native plugins for Editor in 0.00 ms.
Mono: successfully reloaded assembly
- Completed reload, in  1.063 seconds
Platform modules already initialized, skipping
Refreshing native plugins compatible for Editor in 0.41 ms, found 1 plugins.
Preloading 0 native plugins for Editor in 0.00 ms.
Unloading 1804 Unused Serialized files (Serialized files now loaded: 0)
System memory in use before: 85.3 MB.
System memory in use after: 85.2 MB.

Unloading 12 unused Assets to reduce memory usage. Loaded Objects now: 2347.
Total: 2.281000 ms (FindLiveObjects: 0.218300 ms CreateObjectMapping: 0.068100 ms MarkObjects: 1.853900 ms  DeleteObjects: 0.139400 ms)

========================================================================
Received Prepare
Registering precompiled user dll's ...
Registered in 0.001156 seconds.
Begin MonoManager ReloadAssembly
Native extension for WindowsStandalone target not found
Refreshing native plugins compatible for Editor in 0.40 ms, found 1 plugins.
Preloading 0 native plugins for Editor in 0.00 ms.
Mono: successfully reloaded assembly
- Completed reload, in  1.123 seconds
Platform modules already initialized, skipping
Refreshing native plugins compatible for Editor in 0.41 ms, found 1 plugins.
Preloading 0 native plugins for Editor in 0.00 ms.
Unloading 1804 Unused Serialized files (Serialized files now loaded: 0)
System memory in use before: 85.3 MB.
System memory in use after: 85.2 MB.

Unloading 12 unused Assets to reduce memory usage. Loaded Objects now: 2351.
Total: 2.353400 ms (FindLiveObjects: 0.199400 ms CreateObjectMapping: 0.070800 ms MarkObjects: 1.939100 ms  DeleteObjects: 0.142800 ms)

========================================================================
Received Prepare
Registering precompiled user dll's ...
Registered in 0.001850 seconds.
Begin MonoManager ReloadAssembly
Native extension for WindowsStandalone target not found
Refreshing native plugins compatible for Editor in 0.46 ms, found 1 plugins.
Preloading 0 native plugins for Editor in 0.00 ms.
Mono: successfully reloaded assembly
- Completed reload, in  1.101 seconds
Platform modules already initialized, skipping
Refreshing native plugins compatible for Editor in 0.41 ms, found 1 plugins.
Preloading 0 native plugins for Editor in 0.00 ms.
Unloading 1804 Unused Serialized files (Serialized files now loaded: 0)
System memory in use before: 85.3 MB.
System memory in use after: 85.2 MB.

Unloading 12 unused Assets to reduce memory usage. Loaded Objects now: 2355.
Total: 2.403400 ms (FindLiveObjects: 0.192500 ms CreateObjectMapping: 0.066700 ms MarkObjects: 2.004000 ms  DeleteObjects: 0.139100 ms)

========================================================================
Received Prepare
Registering precompiled user dll's ...
Registered in 0.001218 seconds.
Begin MonoManager ReloadAssembly
Native extension for WindowsStandalone target not found
Refreshing native plugins compatible for Editor in 0.41 ms, found 1 plugins.
Preloading 0 native plugins for Editor in 0.00 ms.
Mono: successfully reloaded assembly
- Completed reload, in  1.067 seconds
Platform modules already initialized, skipping
Refreshing native plugins compatible for Editor in 0.41 ms, found 1 plugins.
Preloading 0 native plugins for Editor in 0.00 ms.
Unloading 1804 Unused Serialized files (Serialized files now loaded: 0)
System memory in use before: 85.3 MB.
System memory in use after: 85.3 MB.

Unloading 12 unused Assets to reduce memory usage. Loaded Objects now: 2359.
Total: 2.330600 ms (FindLiveObjects: 0.238000 ms CreateObjectMapping: 0.067400 ms MarkObjects: 1.885400 ms  DeleteObjects: 0.138500 ms)

========================================================================
Received Prepare
Registering precompiled user dll's ...
Registered in 0.001203 seconds.
Begin MonoManager ReloadAssembly
Native extension for WindowsStandalone target not found
Refreshing native plugins compatible for Editor in 0.44 ms, found 1 plugins.
Preloading 0 native plugins for Editor in 0.00 ms.
Mono: successfully reloaded assembly
- Completed reload, in  1.073 seconds
Platform modules already initialized, skipping
Refreshing native plugins compatible for Editor in 0.49 ms, found 1 plugins.
Preloading 0 native plugins for Editor in 0.00 ms.
Unloading 1804 Unused Serialized files (Serialized files now loaded: 0)
System memory in use before: 85.3 MB.
System memory in use after: 85.3 MB.

Unloading 12 unused Assets to reduce memory usage. Loaded Objects now: 2363.
Total: 2.248300 ms (FindLiveObjects: 0.195500 ms CreateObjectMapping: 0.067200 ms MarkObjects: 1.842000 ms  DeleteObjects: 0.142400 ms)

========================================================================
Received Prepare
Registering precompiled user dll's ...
Registered in 0.001143 seconds.
Begin MonoManager ReloadAssembly
Native extension for WindowsStandalone target not found
Refreshing native plugins compatible for Editor in 0.41 ms, found 1 plugins.
Preloading 0 native plugins for Editor in 0.00 ms.
Mono: successfully reloaded assembly
- Completed reload, in  1.075 seconds
Platform modules already initialized, skipping
Refreshing native plugins compatible for Editor in 0.41 ms, found 1 plugins.
Preloading 0 native plugins for Editor in 0.00 ms.
Unloading 1804 Unused Serialized files (Serialized files now loaded: 0)
System memory in use before: 85.3 MB.
System memory in use after: 85.3 MB.

Unloading 12 unused Assets to reduce memory usage. Loaded Objects now: 2367.
Total: 2.336100 ms (FindLiveObjects: 0.203500 ms CreateObjectMapping: 0.068600 ms MarkObjects: 1.923400 ms  DeleteObjects: 0.139500 ms)

========================================================================
Received Prepare
Registering precompiled user dll's ...
Registered in 0.001119 seconds.
Begin MonoManager ReloadAssembly
Native extension for WindowsStandalone target not found
Refreshing native plugins compatible for Editor in 0.40 ms, found 1 plugins.
Preloading 0 native plugins for Editor in 0.00 ms.
Mono: successfully reloaded assembly
- Completed reload, in  1.065 seconds
Platform modules already initialized, skipping
Refreshing native plugins compatible for Editor in 0.42 ms, found 1 plugins.
Preloading 0 native plugins for Editor in 0.00 ms.
Unloading 1804 Unused Serialized files (Serialized files now loaded: 0)
System memory in use before: 85.3 MB.
System memory in use after: 85.3 MB.

Unloading 12 unused Assets to reduce memory usage. Loaded Objects now: 2371.
Total: 2.312700 ms (FindLiveObjects: 0.217400 ms CreateObjectMapping: 0.099100 ms MarkObjects: 1.867200 ms  DeleteObjects: 0.127900 ms)

========================================================================
Received Prepare
Registering precompiled user dll's ...
Registered in 0.001155 seconds.
Begin MonoManager ReloadAssembly
Native extension for WindowsStandalone target not found
Refreshing native plugins compatible for Editor in 0.41 ms, found 1 plugins.
Preloading 0 native plugins for Editor in 0.00 ms.
Mono: successfully reloaded assembly
- Completed reload, in  1.079 seconds
Platform modules already initialized, skipping
Refreshing native plugins compatible for Editor in 0.41 ms, found 1 plugins.
Preloading 0 native plugins for Editor in 0.00 ms.
Unloading 1804 Unused Serialized files (Serialized files now loaded: 0)
System memory in use before: 85.3 MB.
System memory in use after: 85.3 MB.

Unloading 12 unused Assets to reduce memory usage. Loaded Objects now: 2375.
Total: 2.472400 ms (FindLiveObjects: 0.257600 ms CreateObjectMapping: 0.083800 ms MarkObjects: 2.001900 ms  DeleteObjects: 0.127600 ms)

========================================================================
Received Prepare
Registering precompiled user dll's ...
Registered in 0.001190 seconds.
Begin MonoManager ReloadAssembly
Native extension for WindowsStandalone target not found
Refreshing native plugins compatible for Editor in 0.42 ms, found 1 plugins.
Preloading 0 native plugins for Editor in 0.00 ms.
Mono: successfully reloaded assembly
- Completed reload, in  1.113 seconds
Platform modules already initialized, skipping
Refreshing native plugins compatible for Editor in 0.42 ms, found 1 plugins.
Preloading 0 native plugins for Editor in 0.00 ms.
Unloading 1804 Unused Serialized files (Serialized files now loaded: 0)
System memory in use before: 85.3 MB.
System memory in use after: 85.3 MB.

Unloading 12 unused Assets to reduce memory usage. Loaded Objects now: 2379.
Total: 2.568200 ms (FindLiveObjects: 0.209900 ms CreateObjectMapping: 0.093500 ms MarkObjects: 2.124800 ms  DeleteObjects: 0.138800 ms)

========================================================================
Received Prepare
Registering precompiled user dll's ...
Registered in 0.001158 seconds.
Begin MonoManager ReloadAssembly
Native extension for WindowsStandalone target not found
Refreshing native plugins compatible for Editor in 0.41 ms, found 1 plugins.
Preloading 0 native plugins for Editor in 0.00 ms.
Mono: successfully reloaded assembly
- Completed reload, in  1.066 seconds
Platform modules already initialized, skipping
Refreshing native plugins compatible for Editor in 0.41 ms, found 1 plugins.
Preloading 0 native plugins for Editor in 0.00 ms.
Unloading 1804 Unused Serialized files (Serialized files now loaded: 0)
System memory in use before: 85.3 MB.
System memory in use after: 85.3 MB.

Unloading 12 unused Assets to reduce memory usage. Loaded Objects now: 2383.
Total: 2.240800 ms (FindLiveObjects: 0.203200 ms CreateObjectMapping: 0.067400 ms MarkObjects: 1.826000 ms  DeleteObjects: 0.143000 ms)

========================================================================
Received Prepare
Registering precompiled user dll's ...
Registered in 0.001178 seconds.
Begin MonoManager ReloadAssembly
Native extension for WindowsStandalone target not found
Refreshing native plugins compatible for Editor in 0.41 ms, found 1 plugins.
Preloading 0 native plugins for Editor in 0.00 ms.
Mono: successfully reloaded assembly
- Completed reload, in  1.113 seconds
Platform modules already initialized, skipping
Refreshing native plugins compatible for Editor in 0.41 ms, found 1 plugins.
Preloading 0 native plugins for Editor in 0.00 ms.
Unloading 1804 Unused Serialized files (Serialized files now loaded: 0)
System memory in use before: 85.3 MB.
System memory in use after: 85.3 MB.

Unloading 12 unused Assets to reduce memory usage. Loaded Objects now: 2387.
Total: 2.370500 ms (FindLiveObjects: 0.219000 ms CreateObjectMapping: 0.070200 ms MarkObjects: 1.953200 ms  DeleteObjects: 0.126500 ms)

========================================================================
Received Prepare
Registering precompiled user dll's ...
Registered in 0.001165 seconds.
Begin MonoManager ReloadAssembly
Native extension for WindowsStandalone target not found
Refreshing native plugins compatible for Editor in 0.41 ms, found 1 plugins.
Preloading 0 native plugins for Editor in 0.00 ms.
Mono: successfully reloaded assembly
- Completed reload, in  1.063 seconds
Platform modules already initialized, skipping
Refreshing native plugins compatible for Editor in 0.41 ms, found 1 plugins.
Preloading 0 native plugins for Editor in 0.00 ms.
Unloading 1804 Unused Serialized files (Serialized files now loaded: 0)
System memory in use before: 85.4 MB.
System memory in use after: 85.3 MB.

Unloading 12 unused Assets to reduce memory usage. Loaded Objects now: 2391.
Total: 2.403600 ms (FindLiveObjects: 0.194100 ms CreateObjectMapping: 0.069000 ms MarkObjects: 2.002200 ms  DeleteObjects: 0.137200 ms)

========================================================================
Received Import Request.
  Time since last request: 5984.661000 seconds.
  path: Assets/Scripts/CPU/Cell.cs
  artifactKey: Guid(b8b5abffd50a7724c9705895d0478083) Importer(815301076,1909f56bfc062723c751e8b465ee728b)
Start importing Assets/Scripts/CPU/Cell.cs using Guid(b8b5abffd50a7724c9705895d0478083) Importer(815301076,1909f56bfc062723c751e8b465ee728b)  -> (artifact id: '0163b083c0392649eee37072b5695d59') in 0.009606 seconds
  Import took 0.013361 seconds .

========================================================================
Received Import Request.
  Time since last request: 42.020085 seconds.
  path: Assets/Scripts/CPU/Cell.cs
  artifactKey: Guid(b8b5abffd50a7724c9705895d0478083) Importer(815301076,1909f56bfc062723c751e8b465ee728b)
Start importing Assets/Scripts/CPU/Cell.cs using Guid(b8b5abffd50a7724c9705895d0478083) Importer(815301076,1909f56bfc062723c751e8b465ee728b)  -> (artifact id: '8a534532e63ffbd89d2432aaed6f46ac') in 0.004802 seconds
  Import took 0.012273 seconds .

========================================================================
Received Prepare
Registering precompiled user dll's ...
Registered in 0.001697 seconds.
Begin MonoManager ReloadAssembly
Native extension for WindowsStandalone target not found
Refreshing native plugins compatible for Editor in 0.43 ms, found 1 plugins.
Preloading 0 native plugins for Editor in 0.00 ms.
Mono: successfully reloaded assembly
- Completed reload, in  1.101 seconds
Platform modules already initialized, skipping
Refreshing native plugins compatible for Editor in 0.41 ms, found 1 plugins.
Preloading 0 native plugins for Editor in 0.00 ms.
Unloading 1805 Unused Serialized files (Serialized files now loaded: 0)
System memory in use before: 85.4 MB.
System memory in use after: 85.4 MB.

Unloading 12 unused Assets to reduce memory usage. Loaded Objects now: 2396.
Total: 2.307900 ms (FindLiveObjects: 0.203300 ms CreateObjectMapping: 0.071100 ms MarkObjects: 1.891400 ms  DeleteObjects: 0.140600 ms)

========================================================================
Received Import Request.
  Time since last request: 378.621221 seconds.
  path: Assets/Scripts/Shaders/Cell.compute
  artifactKey: Guid(b4171cac96e1bf346a6c0066565cace8) Importer(815301076,1909f56bfc062723c751e8b465ee728b)
Start importing Assets/Scripts/Shaders/Cell.compute using Guid(b4171cac96e1bf346a6c0066565cace8) Importer(815301076,1909f56bfc062723c751e8b465ee728b)  -> (artifact id: '3edbfa2037ddf86eece0db31be08eae8') in 0.014373 seconds
  Import took 0.017820 seconds .

========================================================================
Received Import Request.
  Time since last request: 39.602443 seconds.
  path: Assets/Scripts/CPU/Cell.cs
  artifactKey: Guid(b8b5abffd50a7724c9705895d0478083) Importer(815301076,1909f56bfc062723c751e8b465ee728b)
Start importing Assets/Scripts/CPU/Cell.cs using Guid(b8b5abffd50a7724c9705895d0478083) Importer(815301076,1909f56bfc062723c751e8b465ee728b)  -> (artifact id: '94747f1f08cbb0ddd4ddb9788205c3a8') in 0.003043 seconds
  Import took 0.006392 seconds .

========================================================================
Received Import Request.
  Time since last request: 0.000561 seconds.
  path: Assets/Scripts/CPU/Cell.cs
  artifactKey: Guid(b8b5abffd50a7724c9705895d0478083) Importer(815301076,1909f56bfc062723c751e8b465ee728b)
Start importing Assets/Scripts/CPU/Cell.cs using Guid(b8b5abffd50a7724c9705895d0478083) Importer(815301076,1909f56bfc062723c751e8b465ee728b)  -> (artifact id: '94747f1f08cbb0ddd4ddb9788205c3a8') in 0.002798 seconds
  Import took 0.006166 seconds .

========================================================================
Received Prepare
Registering precompiled user dll's ...
Registered in 0.001142 seconds.
Begin MonoManager ReloadAssembly
Native extension for WindowsStandalone target not found
Refreshing native plugins compatible for Editor in 0.41 ms, found 1 plugins.
Preloading 0 native plugins for Editor in 0.00 ms.
Mono: successfully reloaded assembly
- Completed reload, in  1.065 seconds
Platform modules already initialized, skipping
Refreshing native plugins compatible for Editor in 0.42 ms, found 1 plugins.
Preloading 0 native plugins for Editor in 0.00 ms.
Unloading 1805 Unused Serialized files (Serialized files now loaded: 0)
System memory in use before: 85.4 MB.
System memory in use after: 85.4 MB.

Unloading 12 unused Assets to reduce memory usage. Loaded Objects now: 2400.
Total: 2.350200 ms (FindLiveObjects: 0.208500 ms CreateObjectMapping: 0.066600 ms MarkObjects: 1.935300 ms  DeleteObjects: 0.138600 ms)

========================================================================
Received Import Request.
  Time since last request: 18.048418 seconds.
  path: Assets/Scripts/CPU/Cell.cs
  artifactKey: Guid(b8b5abffd50a7724c9705895d0478083) Importer(815301076,1909f56bfc062723c751e8b465ee728b)
Start importing Assets/Scripts/CPU/Cell.cs using Guid(b8b5abffd50a7724c9705895d0478083) Importer(815301076,1909f56bfc062723c751e8b465ee728b)  -> (artifact id: 'f48f02ea8fcf0cd44a4c6b1610aee33a') in 0.005665 seconds
  Import took 0.009124 seconds .

========================================================================
Received Prepare
Registering precompiled user dll's ...
Registered in 0.001192 seconds.
Begin MonoManager ReloadAssembly
Native extension for WindowsStandalone target not found
Refreshing native plugins compatible for Editor in 0.43 ms, found 1 plugins.
Preloading 0 native plugins for Editor in 0.00 ms.
Mono: successfully reloaded assembly
- Completed reload, in  1.070 seconds
Platform modules already initialized, skipping
Refreshing native plugins compatible for Editor in 0.43 ms, found 1 plugins.
Preloading 0 native plugins for Editor in 0.00 ms.
Unloading 1805 Unused Serialized files (Serialized files now loaded: 0)
System memory in use before: 85.4 MB.
System memory in use after: 85.4 MB.

Unloading 12 unused Assets to reduce memory usage. Loaded Objects now: 2404.
Total: 2.373900 ms (FindLiveObjects: 0.217600 ms CreateObjectMapping: 0.069400 ms MarkObjects: 1.940000 ms  DeleteObjects: 0.145300 ms)

========================================================================
Received Prepare
Registering precompiled user dll's ...
Registered in 0.001229 seconds.
Begin MonoManager ReloadAssembly
Native extension for WindowsStandalone target not found
Refreshing native plugins compatible for Editor in 0.41 ms, found 1 plugins.
Preloading 0 native plugins for Editor in 0.00 ms.
Mono: successfully reloaded assembly
- Completed reload, in  1.070 seconds
Platform modules already initialized, skipping
Refreshing native plugins compatible for Editor in 0.42 ms, found 1 plugins.
Preloading 0 native plugins for Editor in 0.00 ms.
Unloading 1805 Unused Serialized files (Serialized files now loaded: 0)
System memory in use before: 85.4 MB.
System memory in use after: 85.4 MB.

Unloading 12 unused Assets to reduce memory usage. Loaded Objects now: 2408.
Total: 2.479500 ms (FindLiveObjects: 0.210100 ms CreateObjectMapping: 0.068300 ms MarkObjects: 2.067200 ms  DeleteObjects: 0.132100 ms)

========================================================================
Received Prepare
Registering precompiled user dll's ...
Registered in 0.001331 seconds.
Begin MonoManager ReloadAssembly
Native extension for WindowsStandalone target not found
Refreshing native plugins compatible for Editor in 0.49 ms, found 1 plugins.
Preloading 0 native plugins for Editor in 0.00 ms.
Mono: successfully reloaded assembly
- Completed reload, in  1.088 seconds
Platform modules already initialized, skipping
Refreshing native plugins compatible for Editor in 0.43 ms, found 1 plugins.
Preloading 0 native plugins for Editor in 0.00 ms.
Unloading 1805 Unused Serialized files (Serialized files now loaded: 0)
System memory in use before: 85.4 MB.
System memory in use after: 85.4 MB.

Unloading 12 unused Assets to reduce memory usage. Loaded Objects now: 2412.
Total: 2.494300 ms (FindLiveObjects: 0.318300 ms CreateObjectMapping: 0.071200 ms MarkObjects: 1.959100 ms  DeleteObjects: 0.144100 ms)

========================================================================
Received Prepare
Registering precompiled user dll's ...
Registered in 0.001254 seconds.
Begin MonoManager ReloadAssembly
Native extension for WindowsStandalone target not found
Refreshing native plugins compatible for Editor in 0.40 ms, found 1 plugins.
Preloading 0 native plugins for Editor in 0.00 ms.
Mono: successfully reloaded assembly
- Completed reload, in  1.084 seconds
Platform modules already initialized, skipping
Refreshing native plugins compatible for Editor in 0.41 ms, found 1 plugins.
Preloading 0 native plugins for Editor in 0.00 ms.
Unloading 1805 Unused Serialized files (Serialized files now loaded: 0)
System memory in use before: 85.4 MB.
System memory in use after: 85.4 MB.

Unloading 12 unused Assets to reduce memory usage. Loaded Objects now: 2416.
Total: 2.557400 ms (FindLiveObjects: 0.316500 ms CreateObjectMapping: 0.096700 ms MarkObjects: 1.991500 ms  DeleteObjects: 0.151000 ms)

========================================================================
Received Prepare
Registering precompiled user dll's ...
Registered in 0.001201 seconds.
Begin MonoManager ReloadAssembly
Native extension for WindowsStandalone target not found
Refreshing native plugins compatible for Editor in 0.41 ms, found 1 plugins.
Preloading 0 native plugins for Editor in 0.00 ms.
Mono: successfully reloaded assembly
- Completed reload, in  1.092 seconds
Platform modules already initialized, skipping
Refreshing native plugins compatible for Editor in 0.41 ms, found 1 plugins.
Preloading 0 native plugins for Editor in 0.00 ms.
Unloading 1805 Unused Serialized files (Serialized files now loaded: 0)
System memory in use before: 85.4 MB.
System memory in use after: 85.4 MB.

Unloading 12 unused Assets to reduce memory usage. Loaded Objects now: 2420.
Total: 2.660400 ms (FindLiveObjects: 0.226400 ms CreateObjectMapping: 0.068800 ms MarkObjects: 2.215400 ms  DeleteObjects: 0.148100 ms)

========================================================================
Received Prepare
Registering precompiled user dll's ...
Registered in 0.002940 seconds.
Begin MonoManager ReloadAssembly
Native extension for WindowsStandalone target not found
Refreshing native plugins compatible for Editor in 0.42 ms, found 1 plugins.
Preloading 0 native plugins for Editor in 0.00 ms.
Mono: successfully reloaded assembly
- Completed reload, in  1.055 seconds
Platform modules already initialized, skipping
Refreshing native plugins compatible for Editor in 0.42 ms, found 1 plugins.
Preloading 0 native plugins for Editor in 0.00 ms.
Unloading 1805 Unused Serialized files (Serialized files now loaded: 0)
System memory in use before: 85.4 MB.
System memory in use after: 85.4 MB.

Unloading 12 unused Assets to reduce memory usage. Loaded Objects now: 2424.
Total: 2.376900 ms (FindLiveObjects: 0.258400 ms CreateObjectMapping: 0.077100 ms MarkObjects: 1.901600 ms  DeleteObjects: 0.138600 ms)

========================================================================
Received Prepare
Registering precompiled user dll's ...
Registered in 0.001337 seconds.
Begin MonoManager ReloadAssembly
Native extension for WindowsStandalone target not found
Refreshing native plugins compatible for Editor in 0.41 ms, found 1 plugins.
Preloading 0 native plugins for Editor in 0.00 ms.
Mono: successfully reloaded assembly
- Completed reload, in  1.093 seconds
Platform modules already initialized, skipping
Refreshing native plugins compatible for Editor in 0.41 ms, found 1 plugins.
Preloading 0 native plugins for Editor in 0.00 ms.
Unloading 1805 Unused Serialized files (Serialized files now loaded: 0)
System memory in use before: 85.5 MB.
System memory in use after: 85.4 MB.

Unloading 12 unused Assets to reduce memory usage. Loaded Objects now: 2428.
Total: 2.346300 ms (FindLiveObjects: 0.201800 ms CreateObjectMapping: 0.069100 ms MarkObjects: 1.926100 ms  DeleteObjects: 0.147900 ms)

========================================================================
Received Import Request.
  Time since last request: 1295.301784 seconds.
  path: Assets/Scripts/Shaders/CellularAutomata.compute
  artifactKey: Guid(88318769fbb45194b913a9da3e82c4b1) Importer(815301076,1909f56bfc062723c751e8b465ee728b)
Start importing Assets/Scripts/Shaders/CellularAutomata.compute using Guid(88318769fbb45194b913a9da3e82c4b1) Importer(815301076,1909f56bfc062723c751e8b465ee728b)  -> (artifact id: '1be854eb5e05cff21259966208f0016b') in 0.015810 seconds
  Import took 0.019577 seconds .

========================================================================
Received Prepare
Registering precompiled user dll's ...
Registered in 0.001145 seconds.
Begin MonoManager ReloadAssembly
Native extension for WindowsStandalone target not found
Refreshing native plugins compatible for Editor in 0.43 ms, found 1 plugins.
Preloading 0 native plugins for Editor in 0.00 ms.
Mono: successfully reloaded assembly
- Completed reload, in  1.073 seconds
Platform modules already initialized, skipping
Refreshing native plugins compatible for Editor in 0.41 ms, found 1 plugins.
Preloading 0 native plugins for Editor in 0.00 ms.
Unloading 1805 Unused Serialized files (Serialized files now loaded: 0)
System memory in use before: 85.5 MB.
System memory in use after: 85.4 MB.

Unloading 12 unused Assets to reduce memory usage. Loaded Objects now: 2432.
Total: 2.370100 ms (FindLiveObjects: 0.196900 ms CreateObjectMapping: 0.075700 ms MarkObjects: 1.957100 ms  DeleteObjects: 0.139000 ms)

========================================================================
Received Import Request.
  Time since last request: 51.025302 seconds.
  path: Assets/Scripts/Shaders/CellularAutomata.compute
  artifactKey: Guid(88318769fbb45194b913a9da3e82c4b1) Importer(815301076,1909f56bfc062723c751e8b465ee728b)
Start importing Assets/Scripts/Shaders/CellularAutomata.compute using Guid(88318769fbb45194b913a9da3e82c4b1) Importer(815301076,1909f56bfc062723c751e8b465ee728b)  -> (artifact id: '854ad60256cff58d29e549f2291ddbac') in 0.014193 seconds
  Import took 0.017581 seconds .

========================================================================
Received Prepare
Registering precompiled user dll's ...
Registered in 0.001125 seconds.
Begin MonoManager ReloadAssembly
Native extension for WindowsStandalone target not found
Refreshing native plugins compatible for Editor in 0.42 ms, found 1 plugins.
Preloading 0 native plugins for Editor in 0.00 ms.
Mono: successfully reloaded assembly
- Completed reload, in  1.051 seconds
Platform modules already initialized, skipping
Refreshing native plugins compatible for Editor in 0.41 ms, found 1 plugins.
Preloading 0 native plugins for Editor in 0.00 ms.
Unloading 1805 Unused Serialized files (Serialized files now loaded: 0)
System memory in use before: 85.5 MB.
System memory in use after: 85.5 MB.

Unloading 12 unused Assets to reduce memory usage. Loaded Objects now: 2436.
Total: 2.404700 ms (FindLiveObjects: 0.211200 ms CreateObjectMapping: 0.070200 ms MarkObjects: 1.985600 ms  DeleteObjects: 0.136300 ms)

========================================================================
Received Prepare
Registering precompiled user dll's ...
Registered in 0.001113 seconds.
Begin MonoManager ReloadAssembly
Native extension for WindowsStandalone target not found
Refreshing native plugins compatible for Editor in 0.42 ms, found 1 plugins.
Preloading 0 native plugins for Editor in 0.00 ms.
Mono: successfully reloaded assembly
- Completed reload, in  1.210 seconds
Platform modules already initialized, skipping
Refreshing native plugins compatible for Editor in 0.42 ms, found 1 plugins.
Preloading 0 native plugins for Editor in 0.00 ms.
Unloading 1805 Unused Serialized files (Serialized files now loaded: 0)
System memory in use before: 85.5 MB.
System memory in use after: 85.5 MB.

Unloading 12 unused Assets to reduce memory usage. Loaded Objects now: 2440.
Total: 3.215200 ms (FindLiveObjects: 0.489800 ms CreateObjectMapping: 0.086800 ms MarkObjects: 2.496000 ms  DeleteObjects: 0.140800 ms)

========================================================================
Received Prepare
Registering precompiled user dll's ...
Registered in 0.001164 seconds.
Begin MonoManager ReloadAssembly
Native extension for WindowsStandalone target not found
Refreshing native plugins compatible for Editor in 0.42 ms, found 1 plugins.
Preloading 0 native plugins for Editor in 0.00 ms.
Mono: successfully reloaded assembly
- Completed reload, in  1.091 seconds
Platform modules already initialized, skipping
Refreshing native plugins compatible for Editor in 0.41 ms, found 1 plugins.
Preloading 0 native plugins for Editor in 0.00 ms.
Unloading 1805 Unused Serialized files (Serialized files now loaded: 0)
System memory in use before: 85.5 MB.
System memory in use after: 85.5 MB.

Unloading 12 unused Assets to reduce memory usage. Loaded Objects now: 2444.
Total: 2.394700 ms (FindLiveObjects: 0.219500 ms CreateObjectMapping: 0.066000 ms MarkObjects: 1.969800 ms  DeleteObjects: 0.138200 ms)

========================================================================
Received Prepare
Registering precompiled user dll's ...
Registered in 0.001153 seconds.
Begin MonoManager ReloadAssembly
Native extension for WindowsStandalone target not found
Refreshing native plugins compatible for Editor in 0.46 ms, found 1 plugins.
Preloading 0 native plugins for Editor in 0.00 ms.
Mono: successfully reloaded assembly
- Completed reload, in  1.088 seconds
Platform modules already initialized, skipping
Refreshing native plugins compatible for Editor in 0.42 ms, found 1 plugins.
Preloading 0 native plugins for Editor in 0.00 ms.
Unloading 1805 Unused Serialized files (Serialized files now loaded: 0)
System memory in use before: 85.5 MB.
System memory in use after: 85.5 MB.

Unloading 12 unused Assets to reduce memory usage. Loaded Objects now: 2448.
Total: 2.661000 ms (FindLiveObjects: 0.209400 ms CreateObjectMapping: 0.069500 ms MarkObjects: 2.251400 ms  DeleteObjects: 0.128700 ms)

========================================================================
Received Prepare
Registering precompiled user dll's ...
Registered in 0.001135 seconds.
Begin MonoManager ReloadAssembly
Native extension for WindowsStandalone target not found
Refreshing native plugins compatible for Editor in 0.41 ms, found 1 plugins.
Preloading 0 native plugins for Editor in 0.00 ms.
Mono: successfully reloaded assembly
- Completed reload, in  1.046 seconds
Platform modules already initialized, skipping
Refreshing native plugins compatible for Editor in 0.41 ms, found 1 plugins.
Preloading 0 native plugins for Editor in 0.00 ms.
Unloading 1805 Unused Serialized files (Serialized files now loaded: 0)
System memory in use before: 85.5 MB.
System memory in use after: 85.5 MB.

Unloading 12 unused Assets to reduce memory usage. Loaded Objects now: 2452.
Total: 2.435000 ms (FindLiveObjects: 0.246300 ms CreateObjectMapping: 0.070300 ms MarkObjects: 1.984400 ms  DeleteObjects: 0.132800 ms)

========================================================================
Received Prepare
Registering precompiled user dll's ...
Registered in 0.001235 seconds.
Begin MonoManager ReloadAssembly
Native extension for WindowsStandalone target not found
Refreshing native plugins compatible for Editor in 0.41 ms, found 1 plugins.
Preloading 0 native plugins for Editor in 0.00 ms.
Mono: successfully reloaded assembly
- Completed reload, in  1.067 seconds
Platform modules already initialized, skipping
Refreshing native plugins compatible for Editor in 0.41 ms, found 1 plugins.
Preloading 0 native plugins for Editor in 0.00 ms.
Unloading 1805 Unused Serialized files (Serialized files now loaded: 0)
System memory in use before: 85.5 MB.
System memory in use after: 85.5 MB.

Unloading 12 unused Assets to reduce memory usage. Loaded Objects now: 2456.
Total: 2.572900 ms (FindLiveObjects: 0.214100 ms CreateObjectMapping: 0.072800 ms MarkObjects: 2.155000 ms  DeleteObjects: 0.129700 ms)

========================================================================
Received Prepare
Registering precompiled user dll's ...
Registered in 0.001505 seconds.
Begin MonoManager ReloadAssembly
Native extension for WindowsStandalone target not found
Refreshing native plugins compatible for Editor in 0.43 ms, found 1 plugins.
Preloading 0 native plugins for Editor in 0.00 ms.
Mono: successfully reloaded assembly
- Completed reload, in  1.049 seconds
Platform modules already initialized, skipping
Refreshing native plugins compatible for Editor in 0.42 ms, found 1 plugins.
Preloading 0 native plugins for Editor in 0.00 ms.
Unloading 1805 Unused Serialized files (Serialized files now loaded: 0)
System memory in use before: 85.5 MB.
System memory in use after: 85.5 MB.

Unloading 12 unused Assets to reduce memory usage. Loaded Objects now: 2460.
Total: 2.523700 ms (FindLiveObjects: 0.231700 ms CreateObjectMapping: 0.072400 ms MarkObjects: 2.087200 ms  DeleteObjects: 0.131200 ms)

========================================================================
Received Prepare
Registering precompiled user dll's ...
Registered in 0.001165 seconds.
Begin MonoManager ReloadAssembly
Native extension for WindowsStandalone target not found
Refreshing native plugins compatible for Editor in 0.41 ms, found 1 plugins.
Preloading 0 native plugins for Editor in 0.00 ms.
Mono: successfully reloaded assembly
- Completed reload, in  1.069 seconds
Platform modules already initialized, skipping
Refreshing native plugins compatible for Editor in 0.42 ms, found 1 plugins.
Preloading 0 native plugins for Editor in 0.00 ms.
Unloading 1805 Unused Serialized files (Serialized files now loaded: 0)
System memory in use before: 85.5 MB.
System memory in use after: 85.5 MB.

Unloading 12 unused Assets to reduce memory usage. Loaded Objects now: 2464.
Total: 2.353000 ms (FindLiveObjects: 0.199200 ms CreateObjectMapping: 0.068600 ms MarkObjects: 1.945600 ms  DeleteObjects: 0.138500 ms)

========================================================================
Received Prepare
Registering precompiled user dll's ...
Registered in 0.001297 seconds.
Begin MonoManager ReloadAssembly
Native extension for WindowsStandalone target not found
Refreshing native plugins compatible for Editor in 0.42 ms, found 1 plugins.
Preloading 0 native plugins for Editor in 0.00 ms.
Mono: successfully reloaded assembly
- Completed reload, in  1.072 seconds
Platform modules already initialized, skipping
Refreshing native plugins compatible for Editor in 0.41 ms, found 1 plugins.
Preloading 0 native plugins for Editor in 0.00 ms.
Unloading 1805 Unused Serialized files (Serialized files now loaded: 0)
System memory in use before: 85.5 MB.
System memory in use after: 85.5 MB.

Unloading 12 unused Assets to reduce memory usage. Loaded Objects now: 2468.
Total: 2.675000 ms (FindLiveObjects: 0.209800 ms CreateObjectMapping: 0.072800 ms MarkObjects: 2.251500 ms  DeleteObjects: 0.132300 ms)

========================================================================
Received Import Request.
  Time since last request: 3486.073673 seconds.
  path: Assets/Scripts/CPU/Cell.cs
  artifactKey: Guid(b8b5abffd50a7724c9705895d0478083) Importer(815301076,1909f56bfc062723c751e8b465ee728b)
Start importing Assets/Scripts/CPU/Cell.cs using Guid(b8b5abffd50a7724c9705895d0478083) Importer(815301076,1909f56bfc062723c751e8b465ee728b)  -> (artifact id: 'fccbb0a12eab7049d11ff71b61d84ba7') in 0.006250 seconds
  Import took 0.009805 seconds .

========================================================================
Received Import Request.
  Time since last request: 45.144378 seconds.
  path: Assets/Scripts/Shaders/Cell.compute
  artifactKey: Guid(b4171cac96e1bf346a6c0066565cace8) Importer(815301076,1909f56bfc062723c751e8b465ee728b)
Start importing Assets/Scripts/Shaders/Cell.compute using Guid(b4171cac96e1bf346a6c0066565cace8) Importer(815301076,1909f56bfc062723c751e8b465ee728b)  -> (artifact id: '96cfdded41c0906b142a85ae28438c99') in 0.015158 seconds
  Import took 0.020310 seconds .

========================================================================
Received Import Request.
  Time since last request: 4.504999 seconds.
  path: Assets/Scripts/Shaders/CellularAutomata.compute
  artifactKey: Guid(88318769fbb45194b913a9da3e82c4b1) Importer(815301076,1909f56bfc062723c751e8b465ee728b)
Start importing Assets/Scripts/Shaders/CellularAutomata.compute using Guid(88318769fbb45194b913a9da3e82c4b1) Importer(815301076,1909f56bfc062723c751e8b465ee728b)  -> (artifact id: '405d9c03dd55cfedf7d5197baa8394d3') in 0.003501 seconds
  Import took 0.006887 seconds .

========================================================================
Received Import Request.
  Time since last request: 0.001244 seconds.
  path: Assets/Scripts/Shaders/CellularAutomata.compute
  artifactKey: Guid(88318769fbb45194b913a9da3e82c4b1) Importer(815301076,1909f56bfc062723c751e8b465ee728b)
Start importing Assets/Scripts/Shaders/CellularAutomata.compute using Guid(88318769fbb45194b913a9da3e82c4b1) Importer(815301076,1909f56bfc062723c751e8b465ee728b)  -> (artifact id: '405d9c03dd55cfedf7d5197baa8394d3') in 0.004145 seconds
  Import took 0.007357 seconds .

========================================================================
Received Import Request.
  Time since last request: 153.905371 seconds.
  path: Assets/Scripts/Shaders/CellularAutomata.compute
  artifactKey: Guid(88318769fbb45194b913a9da3e82c4b1) Importer(815301076,1909f56bfc062723c751e8b465ee728b)
Start importing Assets/Scripts/Shaders/CellularAutomata.compute using Guid(88318769fbb45194b913a9da3e82c4b1) Importer(815301076,1909f56bfc062723c751e8b465ee728b)  -> (artifact id: 'c5e63fd2c14d6f3308c822d69762e538') in 0.008372 seconds
  Import took 0.020158 seconds .

========================================================================
Received Prepare
Registering precompiled user dll's ...
Registered in 0.001571 seconds.
Begin MonoManager ReloadAssembly
Native extension for WindowsStandalone target not found
Refreshing native plugins compatible for Editor in 0.42 ms, found 1 plugins.
Preloading 0 native plugins for Editor in 0.00 ms.
Mono: successfully reloaded assembly
- Completed reload, in  1.119 seconds
Platform modules already initialized, skipping
Refreshing native plugins compatible for Editor in 0.41 ms, found 1 plugins.
Preloading 0 native plugins for Editor in 0.00 ms.
Unloading 1805 Unused Serialized files (Serialized files now loaded: 0)
System memory in use before: 85.5 MB.
System memory in use after: 85.5 MB.

Unloading 12 unused Assets to reduce memory usage. Loaded Objects now: 2472.
Total: 2.407800 ms (FindLiveObjects: 0.243700 ms CreateObjectMapping: 0.073500 ms MarkObjects: 1.949000 ms  DeleteObjects: 0.140100 ms)

