Using pre-set license
Built from '2020.3/staging' branch; Version is '2020.3.6f1 (338bb68529b2) revision 3378102'; Using compiler version '192528614'; Build Type 'Release'
OS: 'Windows 10 Pro; OS build 19043.906; Version 2009; 64bit' Language: 'en' Physical Memory: 8175 MB
BatchMode: 1, IsHumanControllingUs: 0, StartBugReporterOnCrash: 0, Is64bit: 1, IsPro: 0

 COMMAND LINE ARGUMENTS:
D:\Progz\Unity\Editors\2020.3.6f1\Editor\Unity.exe
-adb2
-batchMode
-noUpm
-name
AssetImportWorker0
-projectPath
D:/Projekty/000_Shaders/Cellular Automata Compute Shader
-logFile
Logs/AssetImportWorker0.log
-srvPort
49172
Successfully changed project path to: D:/Projekty/000_Shaders/Cellular Automata Compute Shader
D:/Projekty/000_Shaders/Cellular Automata Compute Shader
Using Asset Import Pipeline V2.
Refreshing native plugins compatible for Editor in 50.60 ms, found 1 plugins.
Preloading 0 native plugins for Editor in 0.00 ms.
Initialize engine version: 2020.3.6f1 (338bb68529b2)
[Subsystems] Discovering subsystems at path D:/Progz/Unity/Editors/2020.3.6f1/Editor/Data/Resources/UnitySubsystems
[Subsystems] Discovering subsystems at path D:/Projekty/000_Shaders/Cellular Automata Compute Shader/Assets
GfxDevice: creating device client; threaded=0
Direct3D:
    Version:  Direct3D 11.0 [level 11.1]
    Renderer: NVIDIA GeForce GTX 1050 Ti (ID=0x1c82)
    Vendor:   
    VRAM:     4018 MB
    Driver:   27.21.14.5671
Initialize mono
Mono path[0] = 'D:/Progz/Unity/Editors/2020.3.6f1/Editor/Data/Managed'
Mono path[1] = 'D:/Progz/Unity/Editors/2020.3.6f1/Editor/Data/MonoBleedingEdge/lib/mono/unityjit'
Mono config path = 'D:/Progz/Unity/Editors/2020.3.6f1/Editor/Data/MonoBleedingEdge/etc'
Using monoOptions --debugger-agent=transport=dt_socket,embedding=1,server=y,suspend=n,address=127.0.0.1:56804
Begin MonoManager ReloadAssembly
Registering precompiled unity dll's ...
Register platform support module: D:/Progz/Unity/Editors/2020.3.6f1/Editor/Data/PlaybackEngines/WindowsStandaloneSupport/UnityEditor.WindowsStandalone.Extensions.dll
Registered in 0.001807 seconds.
Native extension for WindowsStandalone target not found
Refreshing native plugins compatible for Editor in 55.31 ms, found 1 plugins.
Preloading 0 native plugins for Editor in 0.00 ms.
Mono: successfully reloaded assembly
- Completed reload, in  5.270 seconds
Platform modules already initialized, skipping
Registering precompiled user dll's ...
Registered in 0.001253 seconds.
Begin MonoManager ReloadAssembly
Native extension for WindowsStandalone target not found
Refreshing native plugins compatible for Editor in 50.39 ms, found 1 plugins.
Preloading 0 native plugins for Editor in 0.00 ms.
Mono: successfully reloaded assembly
- Completed reload, in  1.330 seconds
Platform modules already initialized, skipping
========================================================================
Worker process is ready to serve import requests
Launched and connected shader compiler UnityShaderCompiler.exe after 0.04 seconds
Refreshing native plugins compatible for Editor in 0.42 ms, found 1 plugins.
Preloading 0 native plugins for Editor in 0.00 ms.
Unloading 1809 Unused Serialized files (Serialized files now loaded: 0)
System memory in use before: 85.0 MB.
System memory in use after: 84.9 MB.

Unloading 24 unused Assets to reduce memory usage. Loaded Objects now: 2251.
Total: 2.459900 ms (FindLiveObjects: 0.194400 ms CreateObjectMapping: 0.071500 ms MarkObjects: 2.024100 ms  DeleteObjects: 0.168100 ms)

========================================================================
Received Import Request.
  path: Assets/Scripts/CPU/ConwaysGameOfLife.cs
  artifactKey: Guid(24bcce62048d8e344a96590e2ad38dff) Importer(815301076,1909f56bfc062723c751e8b465ee728b)
Start importing Assets/Scripts/CPU/ConwaysGameOfLife.cs using Guid(24bcce62048d8e344a96590e2ad38dff) Importer(815301076,1909f56bfc062723c751e8b465ee728b)  -> (artifact id: '37f8585e16b87d14bd7bf3c13157fdc6') in 0.017926 seconds
  Import took 0.023700 seconds .

========================================================================
Received Prepare
Registering precompiled user dll's ...
Registered in 0.001128 seconds.
Begin MonoManager ReloadAssembly
Native extension for WindowsStandalone target not found
Refreshing native plugins compatible for Editor in 0.42 ms, found 1 plugins.
Preloading 0 native plugins for Editor in 0.00 ms.
Mono: successfully reloaded assembly
- Completed reload, in  1.096 seconds
Platform modules already initialized, skipping
Refreshing native plugins compatible for Editor in 0.42 ms, found 1 plugins.
Preloading 0 native plugins for Editor in 0.00 ms.
Unloading 1804 Unused Serialized files (Serialized files now loaded: 0)
System memory in use before: 84.9 MB.
System memory in use after: 84.9 MB.

Unloading 12 unused Assets to reduce memory usage. Loaded Objects now: 2255.
Total: 2.309200 ms (FindLiveObjects: 0.218800 ms CreateObjectMapping: 0.076800 ms MarkObjects: 1.885900 ms  DeleteObjects: 0.126300 ms)

========================================================================
Received Import Request.
  Time since last request: 147.100541 seconds.
  path: Assets/Scripts/CPU/ConwaysGameOfLife.cs
  artifactKey: Guid(24bcce62048d8e344a96590e2ad38dff) Importer(815301076,1909f56bfc062723c751e8b465ee728b)
Start importing Assets/Scripts/CPU/ConwaysGameOfLife.cs using Guid(24bcce62048d8e344a96590e2ad38dff) Importer(815301076,1909f56bfc062723c751e8b465ee728b)  -> (artifact id: 'cf78b918ad89f7ae588a02e9b2abf1c7') in 0.005583 seconds
  Import took 0.009219 seconds .

========================================================================
Received Prepare
Registering precompiled user dll's ...
Registered in 0.001187 seconds.
Begin MonoManager ReloadAssembly
Native extension for WindowsStandalone target not found
Refreshing native plugins compatible for Editor in 0.42 ms, found 1 plugins.
Preloading 0 native plugins for Editor in 0.00 ms.
Mono: successfully reloaded assembly
- Completed reload, in  1.120 seconds
Platform modules already initialized, skipping
Refreshing native plugins compatible for Editor in 0.43 ms, found 1 plugins.
Preloading 0 native plugins for Editor in 0.00 ms.
Unloading 1804 Unused Serialized files (Serialized files now loaded: 0)
System memory in use before: 85.0 MB.
System memory in use after: 85.0 MB.

Unloading 12 unused Assets to reduce memory usage. Loaded Objects now: 2259.
Total: 2.284300 ms (FindLiveObjects: 0.221000 ms CreateObjectMapping: 0.068800 ms MarkObjects: 1.860000 ms  DeleteObjects: 0.133100 ms)

========================================================================
Received Import Request.
  Time since last request: 120.226532 seconds.
  path: Assets/Scripts/Shaders/CellularAutomata.compute
  artifactKey: Guid(88318769fbb45194b913a9da3e82c4b1) Importer(815301076,1909f56bfc062723c751e8b465ee728b)
Start importing Assets/Scripts/Shaders/CellularAutomata.compute using Guid(88318769fbb45194b913a9da3e82c4b1) Importer(815301076,1909f56bfc062723c751e8b465ee728b)  -> (artifact id: '4f73145fa2bb3067085cadece359724d') in 0.047295 seconds
  Import took 0.053109 seconds .

========================================================================
Received Import Request.
  Time since last request: 43.571680 seconds.
  path: Assets/Scripts/Shaders/NewComputeShader.compute
  artifactKey: Guid(4c202fb6f6557a3408535332cd7cd1f1) Importer(815301076,1909f56bfc062723c751e8b465ee728b)
Start importing Assets/Scripts/Shaders/NewComputeShader.compute using Guid(4c202fb6f6557a3408535332cd7cd1f1) Importer(815301076,1909f56bfc062723c751e8b465ee728b)  -> (artifact id: '98cf24b623478b05360132ceca6d76ed') in 0.005106 seconds
  Import took 0.009241 seconds .

========================================================================
Received Import Request.
  Time since last request: 0.001648 seconds.
  path: Assets/Scripts/Shaders/NewComputeShader.compute
  artifactKey: Guid(4c202fb6f6557a3408535332cd7cd1f1) Importer(815301076,1909f56bfc062723c751e8b465ee728b)
Start importing Assets/Scripts/Shaders/NewComputeShader.compute using Guid(4c202fb6f6557a3408535332cd7cd1f1) Importer(815301076,1909f56bfc062723c751e8b465ee728b)  -> (artifact id: '98cf24b623478b05360132ceca6d76ed') in 0.004087 seconds
  Import took 0.007997 seconds .

========================================================================
Received Prepare
Registering precompiled user dll's ...
Registered in 0.001260 seconds.
Begin MonoManager ReloadAssembly
Native extension for WindowsStandalone target not found
Refreshing native plugins compatible for Editor in 0.42 ms, found 1 plugins.
Preloading 0 native plugins for Editor in 0.00 ms.
Mono: successfully reloaded assembly
- Completed reload, in  1.113 seconds
Platform modules already initialized, skipping
Refreshing native plugins compatible for Editor in 0.43 ms, found 1 plugins.
Preloading 0 native plugins for Editor in 0.00 ms.
Unloading 1804 Unused Serialized files (Serialized files now loaded: 0)
System memory in use before: 85.0 MB.
System memory in use after: 85.0 MB.

Unloading 12 unused Assets to reduce memory usage. Loaded Objects now: 2263.
Total: 2.242500 ms (FindLiveObjects: 0.215200 ms CreateObjectMapping: 0.066600 ms MarkObjects: 1.812800 ms  DeleteObjects: 0.139300 ms)

========================================================================
Received Import Request.
  Time since last request: 211.801176 seconds.
  path: Assets/Scripts/Shaders/CellularAutomata.compute
  artifactKey: Guid(88318769fbb45194b913a9da3e82c4b1) Importer(815301076,1909f56bfc062723c751e8b465ee728b)
Start importing Assets/Scripts/Shaders/CellularAutomata.compute using Guid(88318769fbb45194b913a9da3e82c4b1) Importer(815301076,1909f56bfc062723c751e8b465ee728b)  -> (artifact id: '7ef06f54454bff807303f1c84edc8841') in 0.015852 seconds
  Import took 0.021475 seconds .

========================================================================
Received Import Request.
  Time since last request: 42.792033 seconds.
  path: Assets/Scripts/Shaders/CellularAutomata.compute
  artifactKey: Guid(88318769fbb45194b913a9da3e82c4b1) Importer(815301076,1909f56bfc062723c751e8b465ee728b)
Start importing Assets/Scripts/Shaders/CellularAutomata.compute using Guid(88318769fbb45194b913a9da3e82c4b1) Importer(815301076,1909f56bfc062723c751e8b465ee728b)  -> (artifact id: 'dd06cd08119bc67584fe00536323cd2a') in 0.004191 seconds
  Import took 0.009374 seconds .

========================================================================
Received Import Request.
  Time since last request: 122.682623 seconds.
  path: Assets/Scripts/Shaders/CellularAutomata.compute
  artifactKey: Guid(88318769fbb45194b913a9da3e82c4b1) Importer(815301076,1909f56bfc062723c751e8b465ee728b)
Start importing Assets/Scripts/Shaders/CellularAutomata.compute using Guid(88318769fbb45194b913a9da3e82c4b1) Importer(815301076,1909f56bfc062723c751e8b465ee728b)  -> (artifact id: '69dead13f5bd637c694551e981a23959') in 0.006299 seconds
  Import took 0.014582 seconds .

========================================================================
Received Import Request.
  Time since last request: 32.718485 seconds.
  path: Assets/Scripts/Shaders/CellularAutomata.compute
  artifactKey: Guid(88318769fbb45194b913a9da3e82c4b1) Importer(815301076,1909f56bfc062723c751e8b465ee728b)
Start importing Assets/Scripts/Shaders/CellularAutomata.compute using Guid(88318769fbb45194b913a9da3e82c4b1) Importer(815301076,1909f56bfc062723c751e8b465ee728b)  -> (artifact id: '586ce3da41add369b31f6097be81b84d') in 0.008110 seconds
  Import took 0.015604 seconds .

========================================================================
Received Prepare
Registering precompiled user dll's ...
Registered in 0.001225 seconds.
Begin MonoManager ReloadAssembly
Native extension for WindowsStandalone target not found
Refreshing native plugins compatible for Editor in 0.42 ms, found 1 plugins.
Preloading 0 native plugins for Editor in 0.00 ms.
Mono: successfully reloaded assembly
- Completed reload, in  1.114 seconds
Platform modules already initialized, skipping
Refreshing native plugins compatible for Editor in 0.43 ms, found 1 plugins.
Preloading 0 native plugins for Editor in 0.00 ms.
Unloading 1804 Unused Serialized files (Serialized files now loaded: 0)
System memory in use before: 85.0 MB.
System memory in use after: 85.0 MB.

Unloading 12 unused Assets to reduce memory usage. Loaded Objects now: 2267.
Total: 2.288800 ms (FindLiveObjects: 0.204400 ms CreateObjectMapping: 0.069300 ms MarkObjects: 1.869900 ms  DeleteObjects: 0.143800 ms)

========================================================================
Received Prepare
Registering precompiled user dll's ...
Registered in 0.001175 seconds.
Begin MonoManager ReloadAssembly
Native extension for WindowsStandalone target not found
Refreshing native plugins compatible for Editor in 0.44 ms, found 1 plugins.
Preloading 0 native plugins for Editor in 0.00 ms.
Mono: successfully reloaded assembly
- Completed reload, in  1.102 seconds
Platform modules already initialized, skipping
Refreshing native plugins compatible for Editor in 0.49 ms, found 1 plugins.
Preloading 0 native plugins for Editor in 0.00 ms.
Unloading 1804 Unused Serialized files (Serialized files now loaded: 0)
System memory in use before: 85.0 MB.
System memory in use after: 85.0 MB.

Unloading 12 unused Assets to reduce memory usage. Loaded Objects now: 2271.
Total: 2.405900 ms (FindLiveObjects: 0.213600 ms CreateObjectMapping: 0.066400 ms MarkObjects: 1.989000 ms  DeleteObjects: 0.135300 ms)

========================================================================
Received Prepare
Registering precompiled user dll's ...
Registered in 0.001217 seconds.
Begin MonoManager ReloadAssembly
Native extension for WindowsStandalone target not found
Refreshing native plugins compatible for Editor in 0.43 ms, found 1 plugins.
Preloading 0 native plugins for Editor in 0.00 ms.
Mono: successfully reloaded assembly
- Completed reload, in  1.084 seconds
Platform modules already initialized, skipping
Refreshing native plugins compatible for Editor in 0.42 ms, found 1 plugins.
Preloading 0 native plugins for Editor in 0.00 ms.
Unloading 1804 Unused Serialized files (Serialized files now loaded: 0)
System memory in use before: 85.0 MB.
System memory in use after: 85.0 MB.

Unloading 12 unused Assets to reduce memory usage. Loaded Objects now: 2275.
Total: 2.343700 ms (FindLiveObjects: 0.202300 ms CreateObjectMapping: 0.069000 ms MarkObjects: 1.920900 ms  DeleteObjects: 0.149900 ms)

========================================================================
Received Import Request.
  Time since last request: 691.071444 seconds.
  path: Assets/Scripts/Shaders/CellularAutomata.compute
  artifactKey: Guid(88318769fbb45194b913a9da3e82c4b1) Importer(815301076,1909f56bfc062723c751e8b465ee728b)
Start importing Assets/Scripts/Shaders/CellularAutomata.compute using Guid(88318769fbb45194b913a9da3e82c4b1) Importer(815301076,1909f56bfc062723c751e8b465ee728b)  -> (artifact id: 'df18fc428368b5574f3cce1551c25294') in 0.015004 seconds
  Import took 0.018830 seconds .

========================================================================
Received Prepare
Registering precompiled user dll's ...
Registered in 0.001241 seconds.
Begin MonoManager ReloadAssembly
Native extension for WindowsStandalone target not found
Refreshing native plugins compatible for Editor in 0.42 ms, found 1 plugins.
Preloading 0 native plugins for Editor in 0.00 ms.
Mono: successfully reloaded assembly
- Completed reload, in  1.091 seconds
Platform modules already initialized, skipping
Refreshing native plugins compatible for Editor in 0.42 ms, found 1 plugins.
Preloading 0 native plugins for Editor in 0.00 ms.
Unloading 1804 Unused Serialized files (Serialized files now loaded: 0)
System memory in use before: 85.1 MB.
System memory in use after: 85.0 MB.

Unloading 12 unused Assets to reduce memory usage. Loaded Objects now: 2279.
Total: 2.391000 ms (FindLiveObjects: 0.261500 ms CreateObjectMapping: 0.072000 ms MarkObjects: 1.930700 ms  DeleteObjects: 0.125100 ms)

========================================================================
Received Prepare
Registering precompiled user dll's ...
Registered in 0.001206 seconds.
Begin MonoManager ReloadAssembly
Native extension for WindowsStandalone target not found
Refreshing native plugins compatible for Editor in 0.42 ms, found 1 plugins.
Preloading 0 native plugins for Editor in 0.00 ms.
Mono: successfully reloaded assembly
- Completed reload, in  1.104 seconds
Platform modules already initialized, skipping
Refreshing native plugins compatible for Editor in 0.43 ms, found 1 plugins.
Preloading 0 native plugins for Editor in 0.00 ms.
Unloading 1804 Unused Serialized files (Serialized files now loaded: 0)
System memory in use before: 85.1 MB.
System memory in use after: 85.0 MB.

Unloading 12 unused Assets to reduce memory usage. Loaded Objects now: 2283.
Total: 2.533200 ms (FindLiveObjects: 0.284500 ms CreateObjectMapping: 0.116200 ms MarkObjects: 2.006400 ms  DeleteObjects: 0.124600 ms)

========================================================================
Received Import Request.
  Time since last request: 172.796359 seconds.
  path: Assets/Scripts/Shaders/CellularAutomata.compute
  artifactKey: Guid(88318769fbb45194b913a9da3e82c4b1) Importer(815301076,1909f56bfc062723c751e8b465ee728b)
Start importing Assets/Scripts/Shaders/CellularAutomata.compute using Guid(88318769fbb45194b913a9da3e82c4b1) Importer(815301076,1909f56bfc062723c751e8b465ee728b)  -> (artifact id: '99ba0cf0bb45d540d9198e2a080eddcd') in 0.016552 seconds
  Import took 0.020048 seconds .

========================================================================
Received Prepare
Registering precompiled user dll's ...
Registered in 0.001208 seconds.
Begin MonoManager ReloadAssembly
Native extension for WindowsStandalone target not found
Refreshing native plugins compatible for Editor in 0.42 ms, found 1 plugins.
Preloading 0 native plugins for Editor in 0.00 ms.
Mono: successfully reloaded assembly
- Completed reload, in  1.100 seconds
Platform modules already initialized, skipping
Refreshing native plugins compatible for Editor in 0.44 ms, found 1 plugins.
Preloading 0 native plugins for Editor in 0.00 ms.
Unloading 1804 Unused Serialized files (Serialized files now loaded: 0)
System memory in use before: 85.1 MB.
System memory in use after: 85.1 MB.

Unloading 12 unused Assets to reduce memory usage. Loaded Objects now: 2287.
Total: 2.283800 ms (FindLiveObjects: 0.195500 ms CreateObjectMapping: 0.067900 ms MarkObjects: 1.881300 ms  DeleteObjects: 0.137400 ms)

========================================================================
Received Import Request.
  Time since last request: 55.881572 seconds.
  path: Assets/Scripts/Shaders/CellularAutomata.compute
  artifactKey: Guid(88318769fbb45194b913a9da3e82c4b1) Importer(815301076,1909f56bfc062723c751e8b465ee728b)
Start importing Assets/Scripts/Shaders/CellularAutomata.compute using Guid(88318769fbb45194b913a9da3e82c4b1) Importer(815301076,1909f56bfc062723c751e8b465ee728b)  -> (artifact id: '2994e623c1479c5e3ccd542ae0df1b3f') in 0.015168 seconds
  Import took 0.020710 seconds .

========================================================================
Received Prepare
Registering precompiled user dll's ...
Registered in 0.001177 seconds.
Begin MonoManager ReloadAssembly
Native extension for WindowsStandalone target not found
Refreshing native plugins compatible for Editor in 0.42 ms, found 1 plugins.
Preloading 0 native plugins for Editor in 0.00 ms.
Mono: successfully reloaded assembly
- Completed reload, in  1.097 seconds
Platform modules already initialized, skipping
Refreshing native plugins compatible for Editor in 0.50 ms, found 1 plugins.
Preloading 0 native plugins for Editor in 0.00 ms.
Unloading 1804 Unused Serialized files (Serialized files now loaded: 0)
System memory in use before: 85.1 MB.
System memory in use after: 85.1 MB.

Unloading 12 unused Assets to reduce memory usage. Loaded Objects now: 2291.
Total: 2.293700 ms (FindLiveObjects: 0.184300 ms CreateObjectMapping: 0.070200 ms MarkObjects: 1.900300 ms  DeleteObjects: 0.137400 ms)

========================================================================
Received Import Request.
  Time since last request: 54.710988 seconds.
  path: Assets/Scripts/Shaders/CellularAutomata.compute
  artifactKey: Guid(88318769fbb45194b913a9da3e82c4b1) Importer(815301076,1909f56bfc062723c751e8b465ee728b)
Start importing Assets/Scripts/Shaders/CellularAutomata.compute using Guid(88318769fbb45194b913a9da3e82c4b1) Importer(815301076,1909f56bfc062723c751e8b465ee728b)  -> (artifact id: '59a740a350bf36dca96a1b5b6b01d520') in 0.015670 seconds
  Import took 0.019282 seconds .

========================================================================
Received Prepare
Registering precompiled user dll's ...
Registered in 0.001200 seconds.
Begin MonoManager ReloadAssembly
Native extension for WindowsStandalone target not found
Refreshing native plugins compatible for Editor in 0.48 ms, found 1 plugins.
Preloading 0 native plugins for Editor in 0.00 ms.
Mono: successfully reloaded assembly
- Completed reload, in  1.083 seconds
Platform modules already initialized, skipping
Refreshing native plugins compatible for Editor in 0.43 ms, found 1 plugins.
Preloading 0 native plugins for Editor in 0.00 ms.
Unloading 1804 Unused Serialized files (Serialized files now loaded: 0)
System memory in use before: 85.1 MB.
System memory in use after: 85.1 MB.

Unloading 12 unused Assets to reduce memory usage. Loaded Objects now: 2295.
Total: 2.527300 ms (FindLiveObjects: 0.263400 ms CreateObjectMapping: 0.089600 ms MarkObjects: 2.047500 ms  DeleteObjects: 0.125400 ms)

========================================================================
Received Prepare
Registering precompiled user dll's ...
Registered in 0.001289 seconds.
Begin MonoManager ReloadAssembly
Native extension for WindowsStandalone target not found
Refreshing native plugins compatible for Editor in 0.45 ms, found 1 plugins.
Preloading 0 native plugins for Editor in 0.00 ms.
Mono: successfully reloaded assembly
- Completed reload, in  1.108 seconds
Platform modules already initialized, skipping
Refreshing native plugins compatible for Editor in 0.43 ms, found 1 plugins.
Preloading 0 native plugins for Editor in 0.00 ms.
Unloading 1804 Unused Serialized files (Serialized files now loaded: 0)
System memory in use before: 85.1 MB.
System memory in use after: 85.1 MB.

Unloading 12 unused Assets to reduce memory usage. Loaded Objects now: 2299.
Total: 2.268000 ms (FindLiveObjects: 0.235600 ms CreateObjectMapping: 0.066300 ms MarkObjects: 1.836000 ms  DeleteObjects: 0.128700 ms)

