Base path: 'D:/Progz/Unity/Editors/2020.3.6f1/Editor/Data', plugins path 'D:/Progz/Unity/Editors/2020.3.6f1/Editor/Data/PlaybackEngines'
Cmd: initializeCompiler

Cmd: compileComputeKernel
  insize=1698 file=D:/Projekty/000_Shaders/Cellular Automata Compute Shader/Assets/Scripts/Shaders/CellularAutomata.compute kernel=OneStep cachingPP=1 ppOnly=0 stripLineD=0 buildPlatform=5 km=<;=1>,<UNITY_VERSION=202036> pKW=UNITY_ENABLE_REFLECTION_BUFFERS UNITY_USE_DITHER_MASK_FOR_ALPHABLENDED_SHADOWS UNITY_PBS_USE_BRDF1 UNITY_SPECCUBE_BOX_PROJECTION UNITY_SPECCUBE_BLENDING UNITY_ENABLE_DETAIL_NORMALMAP SHADER_API_DESKTOP UNITY_COLORSPACE_GAMMA UNITY_LIGHT_PROBE_PROXY_VOLUME UNITY_LIGHTMAP_FULL_HDR uKW=SHADER_STAGE_COMPUTE platform=d3d11 flags=0 ok=1 outsize=2061

Cmd: compileComputeKernel
  insize=1778 file=D:/Projekty/000_Shaders/Cellular Automata Compute Shader/Assets/Scripts/Shaders/CellularAutomata.compute kernel=OneStep cachingPP=1 ppOnly=0 stripLineD=0 buildPlatform=5 km=<;=1>,<UNITY_VERSION=202036> pKW=UNITY_ENABLE_REFLECTION_BUFFERS UNITY_USE_DITHER_MASK_FOR_ALPHABLENDED_SHADOWS UNITY_PBS_USE_BRDF1 UNITY_SPECCUBE_BOX_PROJECTION UNITY_SPECCUBE_BLENDING UNITY_ENABLE_DETAIL_NORMALMAP SHADER_API_DESKTOP UNITY_COLORSPACE_GAMMA UNITY_LIGHT_PROBE_PROXY_VOLUME UNITY_LIGHTMAP_FULL_HDR uKW=SHADER_STAGE_COMPUTE platform=d3d11 flags=0  error: 2 plat 4 at CellularAutomata.compute(35): syntax error: unexpected token '}'
 ok=0 outsize=0

Cmd: compileComputeKernel
  insize=1920 file=D:/Projekty/000_Shaders/Cellular Automata Compute Shader/Assets/Scripts/Shaders/CellularAutomata.compute kernel=SetCells cachingPP=1 ppOnly=0 stripLineD=0 buildPlatform=5 km=<;=1>,<UNITY_VERSION=202036> pKW=UNITY_ENABLE_REFLECTION_BUFFERS UNITY_USE_DITHER_MASK_FOR_ALPHABLENDED_SHADOWS UNITY_PBS_USE_BRDF1 UNITY_SPECCUBE_BOX_PROJECTION UNITY_SPECCUBE_BLENDING UNITY_ENABLE_DETAIL_NORMALMAP SHADER_API_DESKTOP UNITY_COLORSPACE_GAMMA UNITY_LIGHT_PROBE_PROXY_VOLUME UNITY_LIGHTMAP_FULL_HDR uKW=SHADER_STAGE_COMPUTE platform=d3d11 flags=0  error: 2 plat 4 at CellularAutomata.compute(35): syntax error: unexpected token 'Result'
  error: 2 plat 4 at CellularAutomata.compute(36): syntax error: unexpected token 'else'
 ok=0 outsize=0

Cmd: compileComputeKernel
  insize=1919 file=D:/Projekty/000_Shaders/Cellular Automata Compute Shader/Assets/Scripts/Shaders/CellularAutomata.compute kernel=SetCells cachingPP=1 ppOnly=0 stripLineD=0 buildPlatform=5 km=<;=1>,<UNITY_VERSION=202036> pKW=UNITY_ENABLE_REFLECTION_BUFFERS UNITY_USE_DITHER_MASK_FOR_ALPHABLENDED_SHADOWS UNITY_PBS_USE_BRDF1 UNITY_SPECCUBE_BOX_PROJECTION UNITY_SPECCUBE_BLENDING UNITY_ENABLE_DETAIL_NORMALMAP SHADER_API_DESKTOP UNITY_COLORSPACE_GAMMA UNITY_LIGHT_PROBE_PROXY_VOLUME UNITY_LIGHTMAP_FULL_HDR uKW=SHADER_STAGE_COMPUTE platform=d3d11 flags=0  error: 2 plat 4 at CellularAutomata.compute(35): syntax error: unexpected token 'Result'
  error: 2 plat 4 at CellularAutomata.compute(36): syntax error: unexpected token 'else'
 ok=0 outsize=0

Cmd: compileComputeKernel
  insize=1923 file=D:/Projekty/000_Shaders/Cellular Automata Compute Shader/Assets/Scripts/Shaders/CellularAutomata.compute kernel=OneStep cachingPP=1 ppOnly=0 stripLineD=0 buildPlatform=5 km=<;=1>,<UNITY_VERSION=202036> pKW=UNITY_ENABLE_REFLECTION_BUFFERS UNITY_USE_DITHER_MASK_FOR_ALPHABLENDED_SHADOWS UNITY_PBS_USE_BRDF1 UNITY_SPECCUBE_BOX_PROJECTION UNITY_SPECCUBE_BLENDING UNITY_ENABLE_DETAIL_NORMALMAP SHADER_API_DESKTOP UNITY_COLORSPACE_GAMMA UNITY_LIGHT_PROBE_PROXY_VOLUME UNITY_LIGHTMAP_FULL_HDR uKW=SHADER_STAGE_COMPUTE platform=d3d11 flags=0 ok=1 outsize=2061

Cmd: compileComputeKernel
  insize=2311 file=D:/Projekty/000_Shaders/Cellular Automata Compute Shader/Assets/Scripts/Shaders/CellularAutomata.compute kernel=OneStep cachingPP=1 ppOnly=0 stripLineD=0 buildPlatform=5 km=<;=1>,<UNITY_VERSION=202036> pKW=UNITY_ENABLE_REFLECTION_BUFFERS UNITY_USE_DITHER_MASK_FOR_ALPHABLENDED_SHADOWS UNITY_PBS_USE_BRDF1 UNITY_SPECCUBE_BOX_PROJECTION UNITY_SPECCUBE_BLENDING UNITY_ENABLE_DETAIL_NORMALMAP SHADER_API_DESKTOP UNITY_COLORSPACE_GAMMA UNITY_LIGHT_PROBE_PROXY_VOLUME UNITY_LIGHTMAP_FULL_HDR uKW=SHADER_STAGE_COMPUTE platform=d3d11 flags=0  error: 2 plat 4 at CellularAutomata.compute(36): undeclared identifier 'count'
 ok=0 outsize=0

Cmd: compileComputeKernel
  insize=1920 file=D:/Projekty/000_Shaders/Cellular Automata Compute Shader/Assets/Scripts/Shaders/CellularAutomata.compute kernel=OneStep cachingPP=1 ppOnly=0 stripLineD=0 buildPlatform=5 km=<;=1>,<UNITY_VERSION=202036> pKW=UNITY_ENABLE_REFLECTION_BUFFERS UNITY_USE_DITHER_MASK_FOR_ALPHABLENDED_SHADOWS UNITY_PBS_USE_BRDF1 UNITY_SPECCUBE_BOX_PROJECTION UNITY_SPECCUBE_BLENDING UNITY_ENABLE_DETAIL_NORMALMAP SHADER_API_DESKTOP UNITY_COLORSPACE_GAMMA UNITY_LIGHT_PROBE_PROXY_VOLUME UNITY_LIGHTMAP_FULL_HDR uKW=SHADER_STAGE_COMPUTE platform=d3d11 flags=0 ok=1 outsize=2061

Cmd: compileComputeKernel
  insize=2031 file=D:/Projekty/000_Shaders/Cellular Automata Compute Shader/Assets/Scripts/Shaders/CellularAutomata.compute kernel=SetCells cachingPP=1 ppOnly=0 stripLineD=0 buildPlatform=5 km=<;=1>,<UNITY_VERSION=202036> pKW=UNITY_ENABLE_REFLECTION_BUFFERS UNITY_USE_DITHER_MASK_FOR_ALPHABLENDED_SHADOWS UNITY_PBS_USE_BRDF1 UNITY_SPECCUBE_BOX_PROJECTION UNITY_SPECCUBE_BLENDING UNITY_ENABLE_DETAIL_NORMALMAP SHADER_API_DESKTOP UNITY_COLORSPACE_GAMMA UNITY_LIGHT_PROBE_PROXY_VOLUME UNITY_LIGHTMAP_FULL_HDR uKW=SHADER_STAGE_COMPUTE platform=d3d11 flags=0  error: 1 plat 4 at CellularAutomata.compute(33): comma expression used where a vector constructor may have been intended
  error: 1 plat 4 at CellularAutomata.compute(34): comma expression used where a vector constructor may have been intended
  error: 1 plat 4 at CellularAutomata.compute(35): comma expression used where a vector constructor may have been intended
  error: 1 plat 4 at CellularAutomata.compute(36): comma expression used where a vector constructor may have been intended
 ok=1 outsize=1028

Cmd: compileComputeKernel
  insize=2032 file=D:/Projekty/000_Shaders/Cellular Automata Compute Shader/Assets/Scripts/Shaders/CellularAutomata.compute kernel=SetCells cachingPP=1 ppOnly=0 stripLineD=0 buildPlatform=5 km=<;=1>,<UNITY_VERSION=202036> pKW=UNITY_ENABLE_REFLECTION_BUFFERS UNITY_USE_DITHER_MASK_FOR_ALPHABLENDED_SHADOWS UNITY_PBS_USE_BRDF1 UNITY_SPECCUBE_BOX_PROJECTION UNITY_SPECCUBE_BLENDING UNITY_ENABLE_DETAIL_NORMALMAP SHADER_API_DESKTOP UNITY_COLORSPACE_GAMMA UNITY_LIGHT_PROBE_PROXY_VOLUME UNITY_LIGHTMAP_FULL_HDR uKW=SHADER_STAGE_COMPUTE platform=d3d11 flags=0  error: 2 plat 4 at CellularAutomata.compute(33): undeclared identifier 'flat'
 ok=0 outsize=0

Cmd: compileComputeKernel
  insize=2090 file=D:/Projekty/000_Shaders/Cellular Automata Compute Shader/Assets/Scripts/Shaders/CellularAutomata.compute kernel=SetCells cachingPP=1 ppOnly=0 stripLineD=0 buildPlatform=5 km=<;=1>,<UNITY_VERSION=202036> pKW=UNITY_ENABLE_REFLECTION_BUFFERS UNITY_USE_DITHER_MASK_FOR_ALPHABLENDED_SHADOWS UNITY_PBS_USE_BRDF1 UNITY_SPECCUBE_BOX_PROJECTION UNITY_SPECCUBE_BLENDING UNITY_ENABLE_DETAIL_NORMALMAP SHADER_API_DESKTOP UNITY_COLORSPACE_GAMMA UNITY_LIGHT_PROBE_PROXY_VOLUME UNITY_LIGHTMAP_FULL_HDR uKW=SHADER_STAGE_COMPUTE platform=d3d11 flags=0 ok=1 outsize=1132

Cmd: compileComputeKernel
  insize=2135 file=D:/Projekty/000_Shaders/Cellular Automata Compute Shader/Assets/Scripts/Shaders/CellularAutomata.compute kernel=OneStep cachingPP=1 ppOnly=0 stripLineD=0 buildPlatform=5 km=<;=1>,<UNITY_VERSION=202036> pKW=UNITY_ENABLE_REFLECTION_BUFFERS UNITY_USE_DITHER_MASK_FOR_ALPHABLENDED_SHADOWS UNITY_PBS_USE_BRDF1 UNITY_SPECCUBE_BOX_PROJECTION UNITY_SPECCUBE_BLENDING UNITY_ENABLE_DETAIL_NORMALMAP SHADER_API_DESKTOP UNITY_COLORSPACE_GAMMA UNITY_LIGHT_PROBE_PROXY_VOLUME UNITY_LIGHTMAP_FULL_HDR uKW=SHADER_STAGE_COMPUTE platform=d3d11 flags=0 ok=1 outsize=2061

Cmd: compileComputeKernel
  insize=2133 file=D:/Projekty/000_Shaders/Cellular Automata Compute Shader/Assets/Scripts/Shaders/CellularAutomata.compute kernel=SetCells cachingPP=1 ppOnly=0 stripLineD=0 buildPlatform=5 km=<;=1>,<UNITY_VERSION=202036> pKW=UNITY_ENABLE_REFLECTION_BUFFERS UNITY_USE_DITHER_MASK_FOR_ALPHABLENDED_SHADOWS UNITY_PBS_USE_BRDF1 UNITY_SPECCUBE_BOX_PROJECTION UNITY_SPECCUBE_BLENDING UNITY_ENABLE_DETAIL_NORMALMAP SHADER_API_DESKTOP UNITY_COLORSPACE_GAMMA UNITY_LIGHT_PROBE_PROXY_VOLUME UNITY_LIGHTMAP_FULL_HDR uKW=SHADER_STAGE_COMPUTE platform=d3d11 flags=0 ok=1 outsize=1288

Cmd: compileComputeKernel
  insize=2134 file=D:/Projekty/000_Shaders/Cellular Automata Compute Shader/Assets/Scripts/Shaders/CellularAutomata.compute kernel=OneStep cachingPP=1 ppOnly=0 stripLineD=0 buildPlatform=5 km=<;=1>,<UNITY_VERSION=202036> pKW=UNITY_ENABLE_REFLECTION_BUFFERS UNITY_USE_DITHER_MASK_FOR_ALPHABLENDED_SHADOWS UNITY_PBS_USE_BRDF1 UNITY_SPECCUBE_BOX_PROJECTION UNITY_SPECCUBE_BLENDING UNITY_ENABLE_DETAIL_NORMALMAP SHADER_API_DESKTOP UNITY_COLORSPACE_GAMMA UNITY_LIGHT_PROBE_PROXY_VOLUME UNITY_LIGHTMAP_FULL_HDR uKW=SHADER_STAGE_COMPUTE platform=d3d11 flags=0 ok=1 outsize=2061

Cmd: compileComputeKernel
  insize=2153 file=D:/Projekty/000_Shaders/Cellular Automata Compute Shader/Assets/Scripts/Shaders/CellularAutomata.compute kernel=SetCells cachingPP=1 ppOnly=0 stripLineD=0 buildPlatform=5 km=<;=1>,<UNITY_VERSION=202036> pKW=UNITY_ENABLE_REFLECTION_BUFFERS UNITY_USE_DITHER_MASK_FOR_ALPHABLENDED_SHADOWS UNITY_PBS_USE_BRDF1 UNITY_SPECCUBE_BOX_PROJECTION UNITY_SPECCUBE_BLENDING UNITY_ENABLE_DETAIL_NORMALMAP SHADER_API_DESKTOP UNITY_COLORSPACE_GAMMA UNITY_LIGHT_PROBE_PROXY_VOLUME UNITY_LIGHTMAP_FULL_HDR uKW=SHADER_STAGE_COMPUTE platform=d3d11 flags=0  error: 1 plat 4 at CellularAutomata.compute(33): race condition writing to shared resource detected, note that threads will be writing the same value, but performance may be diminished due to contention.
  error: 1 plat 4 at CellularAutomata.compute(34): race condition writing to shared resource detected, note that threads will be writing the same value, but performance may be diminished due to contention.
  error: 1 plat 4 at CellularAutomata.compute(35): race condition writing to shared resource detected, note that threads will be writing the same value, but performance may be diminished due to contention.
  error: 1 plat 4 at CellularAutomata.compute(36): race condition writing to shared resource detected, note that threads will be writing the same value, but performance may be diminished due to contention.
 ok=1 outsize=1212

Cmd: compileComputeKernel
  insize=2170 file=D:/Projekty/000_Shaders/Cellular Automata Compute Shader/Assets/Scripts/Shaders/CellularAutomata.compute kernel=SetCells cachingPP=1 ppOnly=0 stripLineD=0 buildPlatform=5 km=<;=1>,<UNITY_VERSION=202036> pKW=UNITY_ENABLE_REFLECTION_BUFFERS UNITY_USE_DITHER_MASK_FOR_ALPHABLENDED_SHADOWS UNITY_PBS_USE_BRDF1 UNITY_SPECCUBE_BOX_PROJECTION UNITY_SPECCUBE_BLENDING UNITY_ENABLE_DETAIL_NORMALMAP SHADER_API_DESKTOP UNITY_COLORSPACE_GAMMA UNITY_LIGHT_PROBE_PROXY_VOLUME UNITY_LIGHTMAP_FULL_HDR uKW=SHADER_STAGE_COMPUTE platform=d3d11 flags=0  error: 1 plat 4 at CellularAutomata.compute(28): signed/unsigned mismatch, unsigned assumed
 ok=1 outsize=1288

Cmd: compileComputeKernel
  insize=2172 file=D:/Projekty/000_Shaders/Cellular Automata Compute Shader/Assets/Scripts/Shaders/CellularAutomata.compute kernel=OneStep cachingPP=1 ppOnly=0 stripLineD=0 buildPlatform=5 km=<;=1>,<UNITY_VERSION=202036> pKW=UNITY_ENABLE_REFLECTION_BUFFERS UNITY_USE_DITHER_MASK_FOR_ALPHABLENDED_SHADOWS UNITY_PBS_USE_BRDF1 UNITY_SPECCUBE_BOX_PROJECTION UNITY_SPECCUBE_BLENDING UNITY_ENABLE_DETAIL_NORMALMAP SHADER_API_DESKTOP UNITY_COLORSPACE_GAMMA UNITY_LIGHT_PROBE_PROXY_VOLUME UNITY_LIGHTMAP_FULL_HDR uKW=SHADER_STAGE_COMPUTE platform=d3d11 flags=0  error: 1 plat 4 at CellularAutomata.compute(15): signed/unsigned mismatch, unsigned assumed
 ok=1 outsize=2013

Cmd: compileComputeKernel
  insize=2212 file=D:/Projekty/000_Shaders/Cellular Automata Compute Shader/Assets/Scripts/Shaders/CellularAutomata.compute kernel=SetCells cachingPP=1 ppOnly=0 stripLineD=0 buildPlatform=5 km=<;=1>,<UNITY_VERSION=202036> pKW=UNITY_ENABLE_REFLECTION_BUFFERS UNITY_USE_DITHER_MASK_FOR_ALPHABLENDED_SHADOWS UNITY_PBS_USE_BRDF1 UNITY_SPECCUBE_BOX_PROJECTION UNITY_SPECCUBE_BLENDING UNITY_ENABLE_DETAIL_NORMALMAP SHADER_API_DESKTOP UNITY_COLORSPACE_GAMMA UNITY_LIGHT_PROBE_PROXY_VOLUME UNITY_LIGHTMAP_FULL_HDR uKW=SHADER_STAGE_COMPUTE platform=d3d11 flags=0  error: 1 plat 4 at CellularAutomata.compute(15): signed/unsigned mismatch, unsigned assumed
 ok=1 outsize=1196

Cmd: compileComputeKernel
  insize=2214 file=D:/Projekty/000_Shaders/Cellular Automata Compute Shader/Assets/Scripts/Shaders/CellularAutomata.compute kernel=OneStep cachingPP=1 ppOnly=0 stripLineD=0 buildPlatform=5 km=<;=1>,<UNITY_VERSION=202036> pKW=UNITY_ENABLE_REFLECTION_BUFFERS UNITY_USE_DITHER_MASK_FOR_ALPHABLENDED_SHADOWS UNITY_PBS_USE_BRDF1 UNITY_SPECCUBE_BOX_PROJECTION UNITY_SPECCUBE_BLENDING UNITY_ENABLE_DETAIL_NORMALMAP SHADER_API_DESKTOP UNITY_COLORSPACE_GAMMA UNITY_LIGHT_PROBE_PROXY_VOLUME UNITY_LIGHTMAP_FULL_HDR uKW=SHADER_STAGE_COMPUTE platform=d3d11 flags=0 ok=1 outsize=1901

Cmd: compileComputeKernel
  insize=2290 file=D:/Projekty/000_Shaders/Cellular Automata Compute Shader/Assets/Scripts/Shaders/CellularAutomata.compute kernel=OneStep cachingPP=1 ppOnly=0 stripLineD=0 buildPlatform=5 km=<;=1>,<UNITY_VERSION=202036> pKW=UNITY_ENABLE_REFLECTION_BUFFERS UNITY_USE_DITHER_MASK_FOR_ALPHABLENDED_SHADOWS UNITY_PBS_USE_BRDF1 UNITY_SPECCUBE_BOX_PROJECTION UNITY_SPECCUBE_BLENDING UNITY_ENABLE_DETAIL_NORMALMAP SHADER_API_DESKTOP UNITY_COLORSPACE_GAMMA UNITY_LIGHT_PROBE_PROXY_VOLUME UNITY_LIGHTMAP_FULL_HDR uKW=SHADER_STAGE_COMPUTE platform=d3d11 flags=0 ok=1 outsize=1901

Cmd: compileComputeKernel
  insize=2292 file=D:/Projekty/000_Shaders/Cellular Automata Compute Shader/Assets/Scripts/Shaders/CellularAutomata.compute kernel=OneStep cachingPP=1 ppOnly=0 stripLineD=0 buildPlatform=5 km=<;=1>,<UNITY_VERSION=202036> pKW=UNITY_ENABLE_REFLECTION_BUFFERS UNITY_USE_DITHER_MASK_FOR_ALPHABLENDED_SHADOWS UNITY_PBS_USE_BRDF1 UNITY_SPECCUBE_BOX_PROJECTION UNITY_SPECCUBE_BLENDING UNITY_ENABLE_DETAIL_NORMALMAP SHADER_API_DESKTOP UNITY_COLORSPACE_GAMMA UNITY_LIGHT_PROBE_PROXY_VOLUME UNITY_LIGHTMAP_FULL_HDR uKW=SHADER_STAGE_COMPUTE platform=d3d11 flags=0 ok=1 outsize=1901

Cmd: compileComputeKernel
  insize=2422 file=D:/Projekty/000_Shaders/Cellular Automata Compute Shader/Assets/Scripts/Shaders/CellularAutomata.compute kernel=SetCells cachingPP=1 ppOnly=0 stripLineD=0 buildPlatform=5 km=<;=1>,<UNITY_VERSION=202036> pKW=UNITY_ENABLE_REFLECTION_BUFFERS UNITY_USE_DITHER_MASK_FOR_ALPHABLENDED_SHADOWS UNITY_PBS_USE_BRDF1 UNITY_SPECCUBE_BOX_PROJECTION UNITY_SPECCUBE_BLENDING UNITY_ENABLE_DETAIL_NORMALMAP SHADER_API_DESKTOP UNITY_COLORSPACE_GAMMA UNITY_LIGHT_PROBE_PROXY_VOLUME UNITY_LIGHTMAP_FULL_HDR uKW=SHADER_STAGE_COMPUTE platform=d3d11 flags=0 ok=1 outsize=1322

Cmd: compileComputeKernel
  insize=2424 file=D:/Projekty/000_Shaders/Cellular Automata Compute Shader/Assets/Scripts/Shaders/CellularAutomata.compute kernel=OneStep cachingPP=1 ppOnly=0 stripLineD=0 buildPlatform=5 km=<;=1>,<UNITY_VERSION=202036> pKW=UNITY_ENABLE_REFLECTION_BUFFERS UNITY_USE_DITHER_MASK_FOR_ALPHABLENDED_SHADOWS UNITY_PBS_USE_BRDF1 UNITY_SPECCUBE_BOX_PROJECTION UNITY_SPECCUBE_BLENDING UNITY_ENABLE_DETAIL_NORMALMAP SHADER_API_DESKTOP UNITY_COLORSPACE_GAMMA UNITY_LIGHT_PROBE_PROXY_VOLUME UNITY_LIGHTMAP_FULL_HDR uKW=SHADER_STAGE_COMPUTE platform=d3d11 flags=0  error: 2 plat 4 at CellularAutomata.compute(46): undeclared identifier 'CellsAlive'
 ok=0 outsize=0

Cmd: compileComputeKernel
  insize=2428 file=D:/Projekty/000_Shaders/Cellular Automata Compute Shader/Assets/Scripts/Shaders/CellularAutomata.compute kernel=SetCells cachingPP=1 ppOnly=0 stripLineD=0 buildPlatform=5 km=<;=1>,<UNITY_VERSION=202036> pKW=UNITY_ENABLE_REFLECTION_BUFFERS UNITY_USE_DITHER_MASK_FOR_ALPHABLENDED_SHADOWS UNITY_PBS_USE_BRDF1 UNITY_SPECCUBE_BOX_PROJECTION UNITY_SPECCUBE_BLENDING UNITY_ENABLE_DETAIL_NORMALMAP SHADER_API_DESKTOP UNITY_COLORSPACE_GAMMA UNITY_LIGHT_PROBE_PROXY_VOLUME UNITY_LIGHTMAP_FULL_HDR uKW=SHADER_STAGE_COMPUTE platform=d3d11 flags=0 ok=1 outsize=1288

Cmd: compileComputeKernel
  insize=2434 file=D:/Projekty/000_Shaders/Cellular Automata Compute Shader/Assets/Scripts/Shaders/CellularAutomata.compute kernel=OneStep cachingPP=1 ppOnly=0 stripLineD=0 buildPlatform=5 km=<;=1>,<UNITY_VERSION=202036> pKW=UNITY_ENABLE_REFLECTION_BUFFERS UNITY_USE_DITHER_MASK_FOR_ALPHABLENDED_SHADOWS UNITY_PBS_USE_BRDF1 UNITY_SPECCUBE_BOX_PROJECTION UNITY_SPECCUBE_BLENDING UNITY_ENABLE_DETAIL_NORMALMAP SHADER_API_DESKTOP UNITY_COLORSPACE_GAMMA UNITY_LIGHT_PROBE_PROXY_VOLUME UNITY_LIGHTMAP_FULL_HDR uKW=SHADER_STAGE_COMPUTE platform=d3d11 flags=0 ok=1 outsize=1901

Cmd: compileComputeKernel
  insize=2418 file=D:/Projekty/000_Shaders/Cellular Automata Compute Shader/Assets/Scripts/Shaders/CellularAutomata.compute kernel=SetCells cachingPP=1 ppOnly=0 stripLineD=0 buildPlatform=5 km=<;=1>,<UNITY_VERSION=202036> pKW=UNITY_ENABLE_REFLECTION_BUFFERS UNITY_USE_DITHER_MASK_FOR_ALPHABLENDED_SHADOWS UNITY_PBS_USE_BRDF1 UNITY_SPECCUBE_BOX_PROJECTION UNITY_SPECCUBE_BLENDING UNITY_ENABLE_DETAIL_NORMALMAP SHADER_API_DESKTOP UNITY_COLORSPACE_GAMMA UNITY_LIGHT_PROBE_PROXY_VOLUME UNITY_LIGHTMAP_FULL_HDR uKW=SHADER_STAGE_COMPUTE platform=d3d11 flags=0 ok=1 outsize=860

