Base path: 'D:/Progz/Unity/Editors/2020.3.6f1/Editor/Data', plugins path 'D:/Progz/Unity/Editors/2020.3.6f1/Editor/Data/PlaybackEngines'
Cmd: initializeCompiler

Cmd: compileComputeKernel
  insize=2689 file=D:/Projekty/000_Shaders/Cellular Automata Compute Shader/Assets/Scripts/Shaders/CellularAutomata.compute kernel=SetCells cachingPP=1 ppOnly=0 stripLineD=0 buildPlatform=5 km=<;=1>,<UNITY_VERSION=202036> pKW=UNITY_ENABLE_REFLECTION_BUFFERS UNITY_USE_DITHER_MASK_FOR_ALPHABLENDED_SHADOWS UNITY_PBS_USE_BRDF1 UNITY_SPECCUBE_BOX_PROJECTION UNITY_SPECCUBE_BLENDING UNITY_ENABLE_DETAIL_NORMALMAP SHADER_API_DESKTOP UNITY_COLORSPACE_GAMMA UNITY_LIGHT_PROBE_PROXY_VOLUME UNITY_LIGHTMAP_FULL_HDR uKW=SHADER_STAGE_COMPUTE platform=d3d11 flags=0 ok=1 outsize=1538

Cmd: compileComputeKernel
  insize=2878 file=D:/Projekty/000_Shaders/Cellular Automata Compute Shader/Assets/Scripts/Shaders/CellularAutomata.compute kernel=OneStep cachingPP=1 ppOnly=0 stripLineD=0 buildPlatform=5 km=<;=1>,<UNITY_VERSION=202036> pKW=UNITY_ENABLE_REFLECTION_BUFFERS UNITY_USE_DITHER_MASK_FOR_ALPHABLENDED_SHADOWS UNITY_PBS_USE_BRDF1 UNITY_SPECCUBE_BOX_PROJECTION UNITY_SPECCUBE_BLENDING UNITY_ENABLE_DETAIL_NORMALMAP SHADER_API_DESKTOP UNITY_COLORSPACE_GAMMA UNITY_LIGHT_PROBE_PROXY_VOLUME UNITY_LIGHTMAP_FULL_HDR uKW=SHADER_STAGE_COMPUTE platform=d3d11 flags=0  error: 1 plat 4 at CellularAutomata.compute(52): 'i': loop control variable conflicts with a previous declaration in the outer scope; most recent declaration will be used
  error: 2 plat 4 at CellularAutomata.compute(54): undeclared identifier 'Random'
 ok=0 outsize=0

Cmd: compileComputeKernel
  insize=2946 file=D:/Projekty/000_Shaders/Cellular Automata Compute Shader/Assets/Scripts/Shaders/CellularAutomata.compute kernel=SetCells cachingPP=1 ppOnly=0 stripLineD=0 buildPlatform=5 km=<;=1>,<UNITY_VERSION=202036> pKW=UNITY_ENABLE_REFLECTION_BUFFERS UNITY_USE_DITHER_MASK_FOR_ALPHABLENDED_SHADOWS UNITY_PBS_USE_BRDF1 UNITY_SPECCUBE_BOX_PROJECTION UNITY_SPECCUBE_BLENDING UNITY_ENABLE_DETAIL_NORMALMAP SHADER_API_DESKTOP UNITY_COLORSPACE_GAMMA UNITY_LIGHT_PROBE_PROXY_VOLUME UNITY_LIGHTMAP_FULL_HDR uKW=SHADER_STAGE_COMPUTE platform=d3d11 flags=0  error: 2 plat 4 at CellularAutomata.compute(54): syntax error: unexpected token 'generator'
  error: 2 plat 4 at CellularAutomata.compute(58): undeclared identifier 'Random'
 ok=0 outsize=0

Cmd: compileComputeKernel
  insize=2938 file=D:/Projekty/000_Shaders/Cellular Automata Compute Shader/Assets/Scripts/Shaders/CellularAutomata.compute kernel=OneStep cachingPP=1 ppOnly=0 stripLineD=0 buildPlatform=5 km=<;=1>,<UNITY_VERSION=202036> pKW=UNITY_ENABLE_REFLECTION_BUFFERS UNITY_USE_DITHER_MASK_FOR_ALPHABLENDED_SHADOWS UNITY_PBS_USE_BRDF1 UNITY_SPECCUBE_BOX_PROJECTION UNITY_SPECCUBE_BLENDING UNITY_ENABLE_DETAIL_NORMALMAP SHADER_API_DESKTOP UNITY_COLORSPACE_GAMMA UNITY_LIGHT_PROBE_PROXY_VOLUME UNITY_LIGHTMAP_FULL_HDR uKW=SHADER_STAGE_COMPUTE platform=d3d11 flags=0  error: 2 plat 4 at CellularAutomata.compute(54): syntax error: unexpected token 'rnd'
  error: 2 plat 4 at CellularAutomata.compute(58): struct NumberGenerator does not have method 'NextUInt'
 ok=0 outsize=0

Cmd: compileComputeKernel
  insize=2951 file=D:/Projekty/000_Shaders/Cellular Automata Compute Shader/Assets/Scripts/Shaders/CellularAutomata.compute kernel=OneStep cachingPP=1 ppOnly=0 stripLineD=0 buildPlatform=5 km=<;=1>,<UNITY_VERSION=202036> pKW=UNITY_ENABLE_REFLECTION_BUFFERS UNITY_USE_DITHER_MASK_FOR_ALPHABLENDED_SHADOWS UNITY_PBS_USE_BRDF1 UNITY_SPECCUBE_BOX_PROJECTION UNITY_SPECCUBE_BLENDING UNITY_ENABLE_DETAIL_NORMALMAP SHADER_API_DESKTOP UNITY_COLORSPACE_GAMMA UNITY_LIGHT_PROBE_PROXY_VOLUME UNITY_LIGHTMAP_FULL_HDR uKW=SHADER_STAGE_COMPUTE platform=d3d11 flags=0  error: 2 plat 4 at CellularAutomata.compute(59): struct NumberGenerator does not have method 'NextUInt'
 ok=0 outsize=0

Cmd: compileComputeKernel
  insize=2956 file=D:/Projekty/000_Shaders/Cellular Automata Compute Shader/Assets/Scripts/Shaders/CellularAutomata.compute kernel=SetCells cachingPP=1 ppOnly=0 stripLineD=0 buildPlatform=5 km=<;=1>,<UNITY_VERSION=202036> pKW=UNITY_ENABLE_REFLECTION_BUFFERS UNITY_USE_DITHER_MASK_FOR_ALPHABLENDED_SHADOWS UNITY_PBS_USE_BRDF1 UNITY_SPECCUBE_BOX_PROJECTION UNITY_SPECCUBE_BLENDING UNITY_ENABLE_DETAIL_NORMALMAP SHADER_API_DESKTOP UNITY_COLORSPACE_GAMMA UNITY_LIGHT_PROBE_PROXY_VOLUME UNITY_LIGHTMAP_FULL_HDR uKW=SHADER_STAGE_COMPUTE platform=d3d11 flags=0  error: 2 plat 4 at CellularAutomata.compute(59): 'NumberGenerator::GetCurrentInt': no matching 2 parameter method
 ok=0 outsize=0

Cmd: compileComputeKernel
  insize=2952 file=D:/Projekty/000_Shaders/Cellular Automata Compute Shader/Assets/Scripts/Shaders/CellularAutomata.compute kernel=SetCells cachingPP=1 ppOnly=0 stripLineD=0 buildPlatform=5 km=<;=1>,<UNITY_VERSION=202036> pKW=UNITY_ENABLE_REFLECTION_BUFFERS UNITY_USE_DITHER_MASK_FOR_ALPHABLENDED_SHADOWS UNITY_PBS_USE_BRDF1 UNITY_SPECCUBE_BOX_PROJECTION UNITY_SPECCUBE_BLENDING UNITY_ENABLE_DETAIL_NORMALMAP SHADER_API_DESKTOP UNITY_COLORSPACE_GAMMA UNITY_LIGHT_PROBE_PROXY_VOLUME UNITY_LIGHTMAP_FULL_HDR uKW=SHADER_STAGE_COMPUTE platform=d3d11 flags=0 ok=1 outsize=2078

Cmd: shutdown

Quitting shader compiler process
